2024-01-29 00:14:17.788 -05:00  INF  Now listening on: http://localhost:5114
2024-01-29 00:14:17.806 -05:00  INF  Application started. Press Ctrl+C to shut down.
2024-01-29 00:14:17.806 -05:00  INF  Hosting environment: Development
2024-01-29 00:14:17.807 -05:00  INF  Content root path: C:\Users\nhkcm\source\repos\N5TLTest\N5TLTest
2024-01-29 00:14:18.232 -05:00  INF  Request starting HTTP/1.1 GET http://localhost:5114/swagger/index.html - null null
2024-01-29 00:14:18.325 -05:00  INF  Request finished HTTP/1.1 GET http://localhost:5114/swagger/index.html - 200 null text/html;charset=utf-8 93.1613ms
2024-01-29 00:14:18.331 -05:00  INF  Request starting HTTP/1.1 GET http://localhost:5114/_framework/aspnetcore-browser-refresh.js - null null
2024-01-29 00:14:18.331 -05:00  INF  Request starting HTTP/1.1 GET http://localhost:5114/_vs/browserLink - null null
2024-01-29 00:14:18.332 -05:00  INF  Request finished HTTP/1.1 GET http://localhost:5114/_framework/aspnetcore-browser-refresh.js - 200 13752 application/javascript; charset=utf-8 1.1176ms
2024-01-29 00:14:18.340 -05:00  INF  Request finished HTTP/1.1 GET http://localhost:5114/_vs/browserLink - 200 null text/javascript; charset=UTF-8 8.964ms
2024-01-29 00:14:18.376 -05:00  INF  Request starting HTTP/1.1 GET http://localhost:5114/swagger/v1/swagger.json - null null
2024-01-29 00:14:18.384 -05:00  ERR  An unhandled exception has occurred while executing the request.Swashbuckle.AspNetCore.SwaggerGen.SwaggerGeneratorException: Conflicting method/path combination "POST api/Employee" for actions - N5TLTest.Controllers.EmployeeController.GetEmployees (N5TLTest),N5TLTest.Controllers.EmployeeController.CreateEmployee (N5TLTest). Actions require a unique method/path combination for Swagger/OpenAPI 3.0. Use ConflictingActionsResolver as a workaround
   at Swashbuckle.AspNetCore.SwaggerGen.SwaggerGenerator.GenerateOperations(IEnumerable`1 apiDescriptions, SchemaRepository schemaRepository)
   at Swashbuckle.AspNetCore.SwaggerGen.SwaggerGenerator.GeneratePaths(IEnumerable`1 apiDescriptions, SchemaRepository schemaRepository)
   at Swashbuckle.AspNetCore.SwaggerGen.SwaggerGenerator.GetSwaggerDocumentWithoutFilters(String documentName, String host, String basePath)
   at Swashbuckle.AspNetCore.SwaggerGen.SwaggerGenerator.GetSwaggerAsync(String documentName, String host, String basePath)
   at Swashbuckle.AspNetCore.Swagger.SwaggerMiddleware.Invoke(HttpContext httpContext, ISwaggerProvider swaggerProvider)
   at Microsoft.AspNetCore.Authentication.AuthenticationMiddleware.Invoke(HttpContext context)
   at Microsoft.AspNetCore.Diagnostics.DeveloperExceptionPageMiddlewareImpl.Invoke(HttpContext context)

2024-01-29 00:14:18.392 -05:00  INF  Request finished HTTP/1.1 GET http://localhost:5114/swagger/v1/swagger.json - 500 null text/plain; charset=utf-8 16.6204ms
2024-01-29 00:14:54.592 -05:00  INF  Now listening on: http://localhost:5114
2024-01-29 00:14:54.611 -05:00  INF  Application started. Press Ctrl+C to shut down.
2024-01-29 00:14:54.611 -05:00  INF  Hosting environment: Development
2024-01-29 00:14:54.611 -05:00  INF  Content root path: C:\Users\nhkcm\source\repos\N5TLTest\N5TLTest
2024-01-29 00:14:54.782 -05:00  INF  Request starting HTTP/1.1 GET http://localhost:5114/swagger/index.html - null null
2024-01-29 00:14:54.875 -05:00  INF  Request finished HTTP/1.1 GET http://localhost:5114/swagger/index.html - 200 null text/html;charset=utf-8 94.142ms
2024-01-29 00:14:54.884 -05:00  INF  Request starting HTTP/1.1 GET http://localhost:5114/_framework/aspnetcore-browser-refresh.js - null null
2024-01-29 00:14:54.884 -05:00  INF  Request starting HTTP/1.1 GET http://localhost:5114/_vs/browserLink - null null
2024-01-29 00:14:54.885 -05:00  INF  Request finished HTTP/1.1 GET http://localhost:5114/_framework/aspnetcore-browser-refresh.js - 200 13752 application/javascript; charset=utf-8 1.3ms
2024-01-29 00:14:54.894 -05:00  INF  Request finished HTTP/1.1 GET http://localhost:5114/_vs/browserLink - 200 null text/javascript; charset=UTF-8 10.3362ms
2024-01-29 00:14:54.932 -05:00  INF  Request starting HTTP/1.1 GET http://localhost:5114/swagger/v1/swagger.json - null null
2024-01-29 00:14:54.975 -05:00  INF  Request finished HTTP/1.1 GET http://localhost:5114/swagger/v1/swagger.json - 200 null application/json;charset=utf-8 42.1463ms
2024-01-29 00:15:40.554 -05:00  INF  Now listening on: http://localhost:5114
2024-01-29 00:15:40.572 -05:00  INF  Application started. Press Ctrl+C to shut down.
2024-01-29 00:15:40.572 -05:00  INF  Hosting environment: Development
2024-01-29 00:15:40.572 -05:00  INF  Content root path: C:\Users\nhkcm\source\repos\N5TLTest\N5TLTest
2024-01-29 00:15:41.020 -05:00  INF  Request starting HTTP/1.1 GET http://localhost:5114/swagger/index.html - null null
2024-01-29 00:15:41.114 -05:00  INF  Request finished HTTP/1.1 GET http://localhost:5114/swagger/index.html - 200 null text/html;charset=utf-8 94.579ms
2024-01-29 00:15:41.122 -05:00  INF  Request starting HTTP/1.1 GET http://localhost:5114/_framework/aspnetcore-browser-refresh.js - null null
2024-01-29 00:15:41.122 -05:00  INF  Request starting HTTP/1.1 GET http://localhost:5114/_vs/browserLink - null null
2024-01-29 00:15:41.123 -05:00  INF  Request finished HTTP/1.1 GET http://localhost:5114/_framework/aspnetcore-browser-refresh.js - 200 13752 application/javascript; charset=utf-8 1.3878ms
2024-01-29 00:15:41.131 -05:00  INF  Request finished HTTP/1.1 GET http://localhost:5114/_vs/browserLink - 200 null text/javascript; charset=UTF-8 9.6628ms
2024-01-29 00:15:41.167 -05:00  INF  Request starting HTTP/1.1 GET http://localhost:5114/swagger/v1/swagger.json - null null
2024-01-29 00:15:41.206 -05:00  INF  Request finished HTTP/1.1 GET http://localhost:5114/swagger/v1/swagger.json - 200 null application/json;charset=utf-8 38.7725ms
2024-01-29 00:17:41.201 -05:00  INF  Now listening on: http://localhost:5114
2024-01-29 00:17:41.219 -05:00  INF  Application started. Press Ctrl+C to shut down.
2024-01-29 00:17:41.220 -05:00  INF  Hosting environment: Development
2024-01-29 00:17:41.220 -05:00  INF  Content root path: C:\Users\nhkcm\source\repos\N5TLTest\N5TLTest
2024-01-29 00:17:41.836 -05:00  INF  Request starting HTTP/1.1 GET http://localhost:5114/swagger/index.html - null null
2024-01-29 00:17:41.927 -05:00  INF  Request finished HTTP/1.1 GET http://localhost:5114/swagger/index.html - 200 null text/html;charset=utf-8 92.2313ms
2024-01-29 00:17:41.934 -05:00  INF  Request starting HTTP/1.1 GET http://localhost:5114/_vs/browserLink - null null
2024-01-29 00:17:41.934 -05:00  INF  Request starting HTTP/1.1 GET http://localhost:5114/_framework/aspnetcore-browser-refresh.js - null null
2024-01-29 00:17:41.935 -05:00  INF  Request finished HTTP/1.1 GET http://localhost:5114/_framework/aspnetcore-browser-refresh.js - 200 13752 application/javascript; charset=utf-8 1.3313ms
2024-01-29 00:17:41.942 -05:00  INF  Request finished HTTP/1.1 GET http://localhost:5114/_vs/browserLink - 200 null text/javascript; charset=UTF-8 8.3523ms
2024-01-29 00:17:41.981 -05:00  INF  Request starting HTTP/1.1 GET http://localhost:5114/swagger/v1/swagger.json - null null
2024-01-29 00:17:42.019 -05:00  INF  Request finished HTTP/1.1 GET http://localhost:5114/swagger/v1/swagger.json - 200 null application/json;charset=utf-8 37.8179ms
2024-01-29 00:18:31.615 -05:00  INF  Now listening on: http://localhost:5114
2024-01-29 00:18:31.633 -05:00  INF  Application started. Press Ctrl+C to shut down.
2024-01-29 00:18:31.633 -05:00  INF  Hosting environment: Development
2024-01-29 00:18:31.633 -05:00  INF  Content root path: C:\Users\nhkcm\source\repos\N5TLTest\N5TLTest
2024-01-29 00:18:32.134 -05:00  INF  Request starting HTTP/1.1 GET http://localhost:5114/swagger/index.html - null null
2024-01-29 00:18:32.223 -05:00  INF  Request finished HTTP/1.1 GET http://localhost:5114/swagger/index.html - 200 null text/html;charset=utf-8 89.5692ms
2024-01-29 00:18:32.231 -05:00  INF  Request starting HTTP/1.1 GET http://localhost:5114/_framework/aspnetcore-browser-refresh.js - null null
2024-01-29 00:18:32.231 -05:00  INF  Request starting HTTP/1.1 GET http://localhost:5114/_vs/browserLink - null null
2024-01-29 00:18:32.232 -05:00  INF  Request finished HTTP/1.1 GET http://localhost:5114/_framework/aspnetcore-browser-refresh.js - 200 13752 application/javascript; charset=utf-8 1.214ms
2024-01-29 00:18:32.241 -05:00  INF  Request finished HTTP/1.1 GET http://localhost:5114/_vs/browserLink - 200 null text/javascript; charset=UTF-8 10.2121ms
2024-01-29 00:18:32.282 -05:00  INF  Request starting HTTP/1.1 GET http://localhost:5114/swagger/v1/swagger.json - null null
2024-01-29 00:18:32.320 -05:00  INF  Request finished HTTP/1.1 GET http://localhost:5114/swagger/v1/swagger.json - 200 null application/json;charset=utf-8 38.1294ms
2024-01-29 00:18:48.365 -05:00  INF  Request starting HTTP/1.1 POST http://localhost:5114/api/Employee/query - application/json 28
2024-01-29 00:18:48.371 -05:00  INF  Executing endpoint 'N5TLTest.Controllers.EmployeeController.GetEmployees (N5TLTest)'
2024-01-29 00:18:48.388 -05:00  INF  Route matched with {action = "GetEmployees", controller = "Employee"}. Executing controller action with signature System.Threading.Tasks.Task`1[System.Collections.Generic.List`1[N5TLTest.Dtos.EmployeeResponse]] GetEmployees(N5TLTest.Commands.Employee.GetEmployeeCommand) on controller N5TLTest.Controllers.EmployeeController (N5TLTest).
2024-01-29 00:18:49.203 -05:00  INF  Executed DbCommand (41ms) [Parameters=[], CommandType='"Text"', CommandTimeout='30']
SELECT [e].[Id], [e].[FirstName], [e].[LastName]
FROM [Employees] AS [e]
2024-01-29 00:18:49.262 -05:00  INF  Executing ObjectResult, writing value of type 'System.Collections.Generic.List`1[[N5TLTest.Dtos.EmployeeResponse, N5TLTest, Version=1.0.0.0, Culture=neutral, PublicKeyToken=null]]'.
2024-01-29 00:18:49.271 -05:00  INF  Executed action N5TLTest.Controllers.EmployeeController.GetEmployees (N5TLTest) in 879.6249ms
2024-01-29 00:18:49.271 -05:00  INF  Executed endpoint 'N5TLTest.Controllers.EmployeeController.GetEmployees (N5TLTest)'
2024-01-29 00:18:49.276 -05:00  INF  Request finished HTTP/1.1 POST http://localhost:5114/api/Employee/query - 200 null application/json; charset=utf-8 910.4712ms
2024-01-29 00:19:10.785 -05:00  INF  Now listening on: http://localhost:5114
2024-01-29 00:19:10.807 -05:00  INF  Application started. Press Ctrl+C to shut down.
2024-01-29 00:19:10.807 -05:00  INF  Hosting environment: Development
2024-01-29 00:19:10.807 -05:00  INF  Content root path: C:\Users\nhkcm\source\repos\N5TLTest\N5TLTest
2024-01-29 00:19:10.964 -05:00  INF  Request starting HTTP/1.1 GET http://localhost:5114/swagger/index.html - null null
2024-01-29 00:19:11.055 -05:00  INF  Request finished HTTP/1.1 GET http://localhost:5114/swagger/index.html - 200 null text/html;charset=utf-8 90.7741ms
2024-01-29 00:19:11.062 -05:00  INF  Request starting HTTP/1.1 GET http://localhost:5114/_framework/aspnetcore-browser-refresh.js - null null
2024-01-29 00:19:11.062 -05:00  INF  Request starting HTTP/1.1 GET http://localhost:5114/_vs/browserLink - null null
2024-01-29 00:19:11.063 -05:00  INF  Request finished HTTP/1.1 GET http://localhost:5114/_framework/aspnetcore-browser-refresh.js - 200 13752 application/javascript; charset=utf-8 1.1505ms
2024-01-29 00:19:11.071 -05:00  INF  Request finished HTTP/1.1 GET http://localhost:5114/_vs/browserLink - 200 null text/javascript; charset=UTF-8 9.8547ms
2024-01-29 00:19:11.112 -05:00  INF  Request starting HTTP/1.1 GET http://localhost:5114/swagger/v1/swagger.json - null null
2024-01-29 00:19:11.151 -05:00  INF  Request finished HTTP/1.1 GET http://localhost:5114/swagger/v1/swagger.json - 200 null application/json;charset=utf-8 39.3332ms
2024-01-29 00:23:43.402 -05:00  INF  Now listening on: http://localhost:5114
2024-01-29 00:23:43.419 -05:00  INF  Application started. Press Ctrl+C to shut down.
2024-01-29 00:23:43.420 -05:00  INF  Hosting environment: Development
2024-01-29 00:23:43.420 -05:00  INF  Content root path: C:\Users\nhkcm\source\repos\N5TLTest\N5TLTest
2024-01-29 00:23:43.641 -05:00  INF  Request starting HTTP/1.1 GET http://localhost:5114/swagger/index.html - null null
2024-01-29 00:23:43.735 -05:00  INF  Request finished HTTP/1.1 GET http://localhost:5114/swagger/index.html - 200 null text/html;charset=utf-8 94.5252ms
2024-01-29 00:23:43.743 -05:00  INF  Request starting HTTP/1.1 GET http://localhost:5114/_vs/browserLink - null null
2024-01-29 00:23:43.743 -05:00  INF  Request starting HTTP/1.1 GET http://localhost:5114/_framework/aspnetcore-browser-refresh.js - null null
2024-01-29 00:23:43.744 -05:00  INF  Request finished HTTP/1.1 GET http://localhost:5114/_framework/aspnetcore-browser-refresh.js - 200 13752 application/javascript; charset=utf-8 1.1866ms
2024-01-29 00:23:43.753 -05:00  INF  Request finished HTTP/1.1 GET http://localhost:5114/_vs/browserLink - 200 null text/javascript; charset=UTF-8 10.3826ms
2024-01-29 00:23:43.799 -05:00  INF  Request starting HTTP/1.1 GET http://localhost:5114/swagger/v1/swagger.json - null null
2024-01-29 00:23:43.846 -05:00  INF  Request finished HTTP/1.1 GET http://localhost:5114/swagger/v1/swagger.json - 200 null application/json;charset=utf-8 46.9266ms
2024-01-29 00:23:53.126 -05:00  INF  Request starting HTTP/1.1 POST http://localhost:5114/api/Permision - application/json 76
2024-01-29 00:23:53.133 -05:00  INF  Executing endpoint 'N5TLTest.Controllers.PermisionController.CreatePermission (N5TLTest)'
2024-01-29 00:23:53.149 -05:00  INF  Route matched with {action = "CreatePermission", controller = "Permision"}. Executing controller action with signature System.Threading.Tasks.Task CreatePermission(N5TLTest.Commands.Permissions.AddPermissionCommand) on controller N5TLTest.Controllers.PermisionController (N5TLTest).
2024-01-29 00:23:54.046 -05:00  INF  Executed DbCommand (26ms) [Parameters=[@p0='?' (DbType = Guid), @p1='?' (Size = 4000), @p2='?' (DbType = Guid)], CommandType='"Text"', CommandTimeout='30']
SET IMPLICIT_TRANSACTIONS OFF;
SET NOCOUNT ON;
INSERT INTO [Permissions] ([Id], [Description], [PermissionTypeId])
VALUES (@p0, @p1, @p2);
2024-01-29 00:23:56.233 -05:00  INF  Produced message to permission-topic partition [0] @ offset 0
2024-01-29 00:23:56.348 -05:00  INF  Executed action N5TLTest.Controllers.PermisionController.CreatePermission (N5TLTest) in 3195.4714ms
2024-01-29 00:23:56.349 -05:00  INF  Executed endpoint 'N5TLTest.Controllers.PermisionController.CreatePermission (N5TLTest)'
2024-01-29 00:23:56.354 -05:00  INF  Request finished HTTP/1.1 POST http://localhost:5114/api/Permision - 200 0 null 3227.8441ms
2024-01-29 00:26:54.021 -05:00  INF  Now listening on: http://localhost:5114
2024-01-29 00:26:54.038 -05:00  INF  Application started. Press Ctrl+C to shut down.
2024-01-29 00:26:54.039 -05:00  INF  Hosting environment: Development
2024-01-29 00:26:54.039 -05:00  INF  Content root path: C:\Users\nhkcm\source\repos\N5TLTest\N5TLTest
2024-01-29 00:26:54.337 -05:00  INF  Request starting HTTP/1.1 GET http://localhost:5114/swagger/index.html - null null
2024-01-29 00:26:54.425 -05:00  INF  Request finished HTTP/1.1 GET http://localhost:5114/swagger/index.html - 200 null text/html;charset=utf-8 88.3364ms
2024-01-29 00:26:54.434 -05:00  INF  Request starting HTTP/1.1 GET http://localhost:5114/_framework/aspnetcore-browser-refresh.js - null null
2024-01-29 00:26:54.434 -05:00  INF  Request starting HTTP/1.1 GET http://localhost:5114/_vs/browserLink - null null
2024-01-29 00:26:54.436 -05:00  INF  Request finished HTTP/1.1 GET http://localhost:5114/_framework/aspnetcore-browser-refresh.js - 200 13752 application/javascript; charset=utf-8 2.5335ms
2024-01-29 00:26:54.444 -05:00  INF  Request finished HTTP/1.1 GET http://localhost:5114/_vs/browserLink - 200 null text/javascript; charset=UTF-8 10.5915ms
2024-01-29 00:26:54.484 -05:00  INF  Request starting HTTP/1.1 GET http://localhost:5114/swagger/v1/swagger.json - null null
2024-01-29 00:26:54.522 -05:00  INF  Request finished HTTP/1.1 GET http://localhost:5114/swagger/v1/swagger.json - 200 null application/json;charset=utf-8 38.287ms
2024-01-29 00:27:05.454 -05:00  INF  Request starting HTTP/1.1 POST http://localhost:5114/api/Permision - application/json 75
2024-01-29 00:27:05.460 -05:00  INF  Executing endpoint 'N5TLTest.Controllers.PermisionController.CreatePermission (N5TLTest)'
2024-01-29 00:27:05.476 -05:00  INF  Route matched with {action = "CreatePermission", controller = "Permision"}. Executing controller action with signature System.Threading.Tasks.Task CreatePermission(N5TLTest.Commands.Permissions.AddPermissionCommand) on controller N5TLTest.Controllers.PermisionController (N5TLTest).
2024-01-29 00:27:06.317 -05:00  ERR  Failed executing DbCommand (27ms) [Parameters=[@p0='?' (DbType = Guid), @p1='?' (Size = 4000), @p2='?' (DbType = Guid)], CommandType='"Text"', CommandTimeout='30']
SET IMPLICIT_TRANSACTIONS OFF;
SET NOCOUNT ON;
INSERT INTO [Permissions] ([Id], [Description], [PermissionTypeId])
VALUES (@p0, @p1, @p2);
2024-01-29 00:27:06.333 -05:00  ERR  An exception occurred in the database while saving changes for context type 'N5Test.Database.N5CompanyContext'.
Microsoft.EntityFrameworkCore.DbUpdateException: An error occurred while saving the entity changes. See the inner exception for details.
 ---> Microsoft.Data.SqlClient.SqlException (0x80131904): Violation of PRIMARY KEY constraint 'PK_Permissions'. Cannot insert duplicate key in object 'dbo.Permissions'. The duplicate key value is (3fa85f64-5717-4562-b3fc-2c963f66afa6).
The statement has been terminated.
   at Microsoft.Data.SqlClient.SqlConnection.OnError(SqlException exception, Boolean breakConnection, Action`1 wrapCloseInAction)
   at Microsoft.Data.SqlClient.SqlInternalConnection.OnError(SqlException exception, Boolean breakConnection, Action`1 wrapCloseInAction)
   at Microsoft.Data.SqlClient.TdsParser.ThrowExceptionAndWarning(TdsParserStateObject stateObj, Boolean callerHasConnectionLock, Boolean asyncClose)
   at Microsoft.Data.SqlClient.TdsParser.TryRun(RunBehavior runBehavior, SqlCommand cmdHandler, SqlDataReader dataStream, BulkCopySimpleResultSet bulkCopyHandler, TdsParserStateObject stateObj, Boolean& dataReady)
   at Microsoft.Data.SqlClient.SqlDataReader.TryConsumeMetaData()
   at Microsoft.Data.SqlClient.SqlDataReader.get_MetaData()
   at Microsoft.Data.SqlClient.SqlCommand.FinishExecuteReader(SqlDataReader ds, RunBehavior runBehavior, String resetOptionsString, Boolean isInternal, Boolean forDescribeParameterEncryption, Boolean shouldCacheForAlwaysEncrypted)
   at Microsoft.Data.SqlClient.SqlCommand.RunExecuteReaderTds(CommandBehavior cmdBehavior, RunBehavior runBehavior, Boolean returnStream, Boolean isAsync, Int32 timeout, Task& task, Boolean asyncWrite, Boolean inRetry, SqlDataReader ds, Boolean describeParameterEncryptionRequest)
   at Microsoft.Data.SqlClient.SqlCommand.RunExecuteReader(CommandBehavior cmdBehavior, RunBehavior runBehavior, Boolean returnStream, TaskCompletionSource`1 completion, Int32 timeout, Task& task, Boolean& usedCache, Boolean asyncWrite, Boolean inRetry, String method)
   at Microsoft.Data.SqlClient.SqlCommand.RunExecuteReader(CommandBehavior cmdBehavior, RunBehavior runBehavior, Boolean returnStream, String method)
   at Microsoft.Data.SqlClient.SqlCommand.ExecuteReader(CommandBehavior behavior)
   at Microsoft.Data.SqlClient.SqlCommand.ExecuteDbDataReader(CommandBehavior behavior)
   at Microsoft.EntityFrameworkCore.Storage.RelationalCommand.ExecuteReader(RelationalCommandParameterObject parameterObject)
   at Microsoft.EntityFrameworkCore.Update.ReaderModificationCommandBatch.Execute(IRelationalConnection connection)
ClientConnectionId:f73c0025-9bcc-41fb-b520-022e779508d5
Error Number:2627,State:1,Class:14
   --- End of inner exception stack trace ---
   at Microsoft.EntityFrameworkCore.Update.ReaderModificationCommandBatch.Execute(IRelationalConnection connection)
   at Microsoft.EntityFrameworkCore.SqlServer.Update.Internal.SqlServerModificationCommandBatch.Execute(IRelationalConnection connection)
   at Microsoft.EntityFrameworkCore.Update.Internal.BatchExecutor.Execute(IEnumerable`1 commandBatches, IRelationalConnection connection)
   at Microsoft.EntityFrameworkCore.Storage.RelationalDatabase.SaveChanges(IList`1 entries)
   at Microsoft.EntityFrameworkCore.ChangeTracking.Internal.StateManager.SaveChanges(IList`1 entriesToSave)
   at Microsoft.EntityFrameworkCore.ChangeTracking.Internal.StateManager.SaveChanges(StateManager stateManager, Boolean acceptAllChangesOnSuccess)
   at Microsoft.EntityFrameworkCore.ChangeTracking.Internal.StateManager.<>c.<SaveChanges>b__112_0(DbContext _, ValueTuple`2 t)
   at Microsoft.EntityFrameworkCore.SqlServer.Storage.Internal.SqlServerExecutionStrategy.Execute[TState,TResult](TState state, Func`3 operation, Func`3 verifySucceeded)
   at Microsoft.EntityFrameworkCore.ChangeTracking.Internal.StateManager.SaveChanges(Boolean acceptAllChangesOnSuccess)
   at Microsoft.EntityFrameworkCore.DbContext.SaveChanges(Boolean acceptAllChangesOnSuccess)Microsoft.EntityFrameworkCore.DbUpdateException: An error occurred while saving the entity changes. See the inner exception for details.
 ---> Microsoft.Data.SqlClient.SqlException (0x80131904): Violation of PRIMARY KEY constraint 'PK_Permissions'. Cannot insert duplicate key in object 'dbo.Permissions'. The duplicate key value is (3fa85f64-5717-4562-b3fc-2c963f66afa6).
The statement has been terminated.
   at Microsoft.Data.SqlClient.SqlConnection.OnError(SqlException exception, Boolean breakConnection, Action`1 wrapCloseInAction)
   at Microsoft.Data.SqlClient.SqlInternalConnection.OnError(SqlException exception, Boolean breakConnection, Action`1 wrapCloseInAction)
   at Microsoft.Data.SqlClient.TdsParser.ThrowExceptionAndWarning(TdsParserStateObject stateObj, Boolean callerHasConnectionLock, Boolean asyncClose)
   at Microsoft.Data.SqlClient.TdsParser.TryRun(RunBehavior runBehavior, SqlCommand cmdHandler, SqlDataReader dataStream, BulkCopySimpleResultSet bulkCopyHandler, TdsParserStateObject stateObj, Boolean& dataReady)
   at Microsoft.Data.SqlClient.SqlDataReader.TryConsumeMetaData()
   at Microsoft.Data.SqlClient.SqlDataReader.get_MetaData()
   at Microsoft.Data.SqlClient.SqlCommand.FinishExecuteReader(SqlDataReader ds, RunBehavior runBehavior, String resetOptionsString, Boolean isInternal, Boolean forDescribeParameterEncryption, Boolean shouldCacheForAlwaysEncrypted)
   at Microsoft.Data.SqlClient.SqlCommand.RunExecuteReaderTds(CommandBehavior cmdBehavior, RunBehavior runBehavior, Boolean returnStream, Boolean isAsync, Int32 timeout, Task& task, Boolean asyncWrite, Boolean inRetry, SqlDataReader ds, Boolean describeParameterEncryptionRequest)
   at Microsoft.Data.SqlClient.SqlCommand.RunExecuteReader(CommandBehavior cmdBehavior, RunBehavior runBehavior, Boolean returnStream, TaskCompletionSource`1 completion, Int32 timeout, Task& task, Boolean& usedCache, Boolean asyncWrite, Boolean inRetry, String method)
   at Microsoft.Data.SqlClient.SqlCommand.RunExecuteReader(CommandBehavior cmdBehavior, RunBehavior runBehavior, Boolean returnStream, String method)
   at Microsoft.Data.SqlClient.SqlCommand.ExecuteReader(CommandBehavior behavior)
   at Microsoft.Data.SqlClient.SqlCommand.ExecuteDbDataReader(CommandBehavior behavior)
   at Microsoft.EntityFrameworkCore.Storage.RelationalCommand.ExecuteReader(RelationalCommandParameterObject parameterObject)
   at Microsoft.EntityFrameworkCore.Update.ReaderModificationCommandBatch.Execute(IRelationalConnection connection)
ClientConnectionId:f73c0025-9bcc-41fb-b520-022e779508d5
Error Number:2627,State:1,Class:14
   --- End of inner exception stack trace ---
   at Microsoft.EntityFrameworkCore.Update.ReaderModificationCommandBatch.Execute(IRelationalConnection connection)
   at Microsoft.EntityFrameworkCore.SqlServer.Update.Internal.SqlServerModificationCommandBatch.Execute(IRelationalConnection connection)
   at Microsoft.EntityFrameworkCore.Update.Internal.BatchExecutor.Execute(IEnumerable`1 commandBatches, IRelationalConnection connection)
   at Microsoft.EntityFrameworkCore.Storage.RelationalDatabase.SaveChanges(IList`1 entries)
   at Microsoft.EntityFrameworkCore.ChangeTracking.Internal.StateManager.SaveChanges(IList`1 entriesToSave)
   at Microsoft.EntityFrameworkCore.ChangeTracking.Internal.StateManager.SaveChanges(StateManager stateManager, Boolean acceptAllChangesOnSuccess)
   at Microsoft.EntityFrameworkCore.ChangeTracking.Internal.StateManager.<>c.<SaveChanges>b__112_0(DbContext _, ValueTuple`2 t)
   at Microsoft.EntityFrameworkCore.SqlServer.Storage.Internal.SqlServerExecutionStrategy.Execute[TState,TResult](TState state, Func`3 operation, Func`3 verifySucceeded)
   at Microsoft.EntityFrameworkCore.ChangeTracking.Internal.StateManager.SaveChanges(Boolean acceptAllChangesOnSuccess)
   at Microsoft.EntityFrameworkCore.DbContext.SaveChanges(Boolean acceptAllChangesOnSuccess)

2024-01-29 00:27:06.429 -05:00  INF  Executed action N5TLTest.Controllers.PermisionController.CreatePermission (N5TLTest) in 949.3955ms
2024-01-29 00:27:06.430 -05:00  INF  Executed endpoint 'N5TLTest.Controllers.PermisionController.CreatePermission (N5TLTest)'
2024-01-29 00:27:06.432 -05:00  ERR  An unhandled exception has occurred while executing the request.Microsoft.EntityFrameworkCore.DbUpdateException: An error occurred while saving the entity changes. See the inner exception for details.
 ---> Microsoft.Data.SqlClient.SqlException (0x80131904): Violation of PRIMARY KEY constraint 'PK_Permissions'. Cannot insert duplicate key in object 'dbo.Permissions'. The duplicate key value is (3fa85f64-5717-4562-b3fc-2c963f66afa6).
The statement has been terminated.
   at Microsoft.Data.SqlClient.SqlConnection.OnError(SqlException exception, Boolean breakConnection, Action`1 wrapCloseInAction)
   at Microsoft.Data.SqlClient.SqlInternalConnection.OnError(SqlException exception, Boolean breakConnection, Action`1 wrapCloseInAction)
   at Microsoft.Data.SqlClient.TdsParser.ThrowExceptionAndWarning(TdsParserStateObject stateObj, Boolean callerHasConnectionLock, Boolean asyncClose)
   at Microsoft.Data.SqlClient.TdsParser.TryRun(RunBehavior runBehavior, SqlCommand cmdHandler, SqlDataReader dataStream, BulkCopySimpleResultSet bulkCopyHandler, TdsParserStateObject stateObj, Boolean& dataReady)
   at Microsoft.Data.SqlClient.SqlDataReader.TryConsumeMetaData()
   at Microsoft.Data.SqlClient.SqlDataReader.get_MetaData()
   at Microsoft.Data.SqlClient.SqlCommand.FinishExecuteReader(SqlDataReader ds, RunBehavior runBehavior, String resetOptionsString, Boolean isInternal, Boolean forDescribeParameterEncryption, Boolean shouldCacheForAlwaysEncrypted)
   at Microsoft.Data.SqlClient.SqlCommand.RunExecuteReaderTds(CommandBehavior cmdBehavior, RunBehavior runBehavior, Boolean returnStream, Boolean isAsync, Int32 timeout, Task& task, Boolean asyncWrite, Boolean inRetry, SqlDataReader ds, Boolean describeParameterEncryptionRequest)
   at Microsoft.Data.SqlClient.SqlCommand.RunExecuteReader(CommandBehavior cmdBehavior, RunBehavior runBehavior, Boolean returnStream, TaskCompletionSource`1 completion, Int32 timeout, Task& task, Boolean& usedCache, Boolean asyncWrite, Boolean inRetry, String method)
   at Microsoft.Data.SqlClient.SqlCommand.RunExecuteReader(CommandBehavior cmdBehavior, RunBehavior runBehavior, Boolean returnStream, String method)
   at Microsoft.Data.SqlClient.SqlCommand.ExecuteReader(CommandBehavior behavior)
   at Microsoft.Data.SqlClient.SqlCommand.ExecuteDbDataReader(CommandBehavior behavior)
   at Microsoft.EntityFrameworkCore.Storage.RelationalCommand.ExecuteReader(RelationalCommandParameterObject parameterObject)
   at Microsoft.EntityFrameworkCore.Update.ReaderModificationCommandBatch.Execute(IRelationalConnection connection)
ClientConnectionId:f73c0025-9bcc-41fb-b520-022e779508d5
Error Number:2627,State:1,Class:14
   --- End of inner exception stack trace ---
   at Microsoft.EntityFrameworkCore.Update.ReaderModificationCommandBatch.Execute(IRelationalConnection connection)
   at Microsoft.EntityFrameworkCore.SqlServer.Update.Internal.SqlServerModificationCommandBatch.Execute(IRelationalConnection connection)
   at Microsoft.EntityFrameworkCore.Update.Internal.BatchExecutor.Execute(IEnumerable`1 commandBatches, IRelationalConnection connection)
   at Microsoft.EntityFrameworkCore.Storage.RelationalDatabase.SaveChanges(IList`1 entries)
   at Microsoft.EntityFrameworkCore.ChangeTracking.Internal.StateManager.SaveChanges(IList`1 entriesToSave)
   at Microsoft.EntityFrameworkCore.ChangeTracking.Internal.StateManager.SaveChanges(StateManager stateManager, Boolean acceptAllChangesOnSuccess)
   at Microsoft.EntityFrameworkCore.ChangeTracking.Internal.StateManager.<>c.<SaveChanges>b__112_0(DbContext _, ValueTuple`2 t)
   at Microsoft.EntityFrameworkCore.SqlServer.Storage.Internal.SqlServerExecutionStrategy.Execute[TState,TResult](TState state, Func`3 operation, Func`3 verifySucceeded)
   at Microsoft.EntityFrameworkCore.ChangeTracking.Internal.StateManager.SaveChanges(Boolean acceptAllChangesOnSuccess)
   at Microsoft.EntityFrameworkCore.DbContext.SaveChanges(Boolean acceptAllChangesOnSuccess)
   at Microsoft.EntityFrameworkCore.DbContext.SaveChanges()
   at N5TLTest.Database.repositories.PermissionRepository.Add(AddPermissionCommand command) in C:\Users\nhkcm\source\repos\N5TLTest\N5TLTest\Database\repositories\PermissionRepository.cs:line 24
   at N5TLTest.Handlers.PermissionCommandHandler.Handle(AddPermissionCommand command) in C:\Users\nhkcm\source\repos\N5TLTest\N5TLTest\Handlers\PermissionCommandHandler.cs:line 31
   at N5TLTest.Controllers.PermisionController.CreatePermission(AddPermissionCommand command) in C:\Users\nhkcm\source\repos\N5TLTest\N5TLTest\Controllers\PermisionController.cs:line 21
   at Microsoft.AspNetCore.Mvc.Infrastructure.ActionMethodExecutor.TaskResultExecutor.Execute(ActionContext actionContext, IActionResultTypeMapper mapper, ObjectMethodExecutor executor, Object controller, Object[] arguments)
   at Microsoft.AspNetCore.Mvc.Infrastructure.ControllerActionInvoker.<InvokeActionMethodAsync>g__Awaited|12_0(ControllerActionInvoker invoker, ValueTask`1 actionResultValueTask)
   at Microsoft.AspNetCore.Mvc.Infrastructure.ControllerActionInvoker.<InvokeNextActionFilterAsync>g__Awaited|10_0(ControllerActionInvoker invoker, Task lastTask, State next, Scope scope, Object state, Boolean isCompleted)
   at Microsoft.AspNetCore.Mvc.Infrastructure.ControllerActionInvoker.Rethrow(ActionExecutedContextSealed context)
   at Microsoft.AspNetCore.Mvc.Infrastructure.ControllerActionInvoker.Next(State& next, Scope& scope, Object& state, Boolean& isCompleted)
   at Microsoft.AspNetCore.Mvc.Infrastructure.ControllerActionInvoker.InvokeInnerFilterAsync()
--- End of stack trace from previous location ---
   at Microsoft.AspNetCore.Mvc.Infrastructure.ResourceInvoker.<InvokeFilterPipelineAsync>g__Awaited|20_0(ResourceInvoker invoker, Task lastTask, State next, Scope scope, Object state, Boolean isCompleted)
   at Microsoft.AspNetCore.Mvc.Infrastructure.ResourceInvoker.<InvokeAsync>g__Logged|17_1(ResourceInvoker invoker)
   at Microsoft.AspNetCore.Mvc.Infrastructure.ResourceInvoker.<InvokeAsync>g__Logged|17_1(ResourceInvoker invoker)
   at Microsoft.AspNetCore.Routing.EndpointMiddleware.<Invoke>g__AwaitRequestTask|7_0(Endpoint endpoint, Task requestTask, ILogger logger)
   at Microsoft.AspNetCore.Authorization.AuthorizationMiddleware.Invoke(HttpContext context)
   at Swashbuckle.AspNetCore.SwaggerUI.SwaggerUIMiddleware.Invoke(HttpContext httpContext)
   at Swashbuckle.AspNetCore.Swagger.SwaggerMiddleware.Invoke(HttpContext httpContext, ISwaggerProvider swaggerProvider)
   at Microsoft.AspNetCore.Authentication.AuthenticationMiddleware.Invoke(HttpContext context)
   at Microsoft.AspNetCore.Diagnostics.DeveloperExceptionPageMiddlewareImpl.Invoke(HttpContext context)

2024-01-29 00:27:06.445 -05:00  INF  Request finished HTTP/1.1 POST http://localhost:5114/api/Permision - 500 null text/plain; charset=utf-8 991.2168ms
2024-01-29 00:27:15.411 -05:00  INF  Request starting HTTP/1.1 POST http://localhost:5114/api/Permision - application/json 75
2024-01-29 00:27:15.413 -05:00  INF  Executing endpoint 'N5TLTest.Controllers.PermisionController.CreatePermission (N5TLTest)'
2024-01-29 00:27:15.413 -05:00  INF  Route matched with {action = "CreatePermission", controller = "Permision"}. Executing controller action with signature System.Threading.Tasks.Task CreatePermission(N5TLTest.Commands.Permissions.AddPermissionCommand) on controller N5TLTest.Controllers.PermisionController (N5TLTest).
2024-01-29 00:27:15.456 -05:00  INF  Executed DbCommand (5ms) [Parameters=[@p0='?' (DbType = Guid), @p1='?' (Size = 4000), @p2='?' (DbType = Guid)], CommandType='"Text"', CommandTimeout='30']
SET IMPLICIT_TRANSACTIONS OFF;
SET NOCOUNT ON;
INSERT INTO [Permissions] ([Id], [Description], [PermissionTypeId])
VALUES (@p0, @p1, @p2);
2024-01-29 00:27:16.510 -05:00  INF  Produced message to permission-topic partition [0] @ offset 1
2024-01-29 00:27:16.616 -05:00  INF  Executed action N5TLTest.Controllers.PermisionController.CreatePermission (N5TLTest) in 1201.4756ms
2024-01-29 00:27:16.616 -05:00  INF  Executed endpoint 'N5TLTest.Controllers.PermisionController.CreatePermission (N5TLTest)'
2024-01-29 00:27:16.617 -05:00  INF  Request finished HTTP/1.1 POST http://localhost:5114/api/Permision - 200 0 null 1205.8139ms
2024-01-29 01:12:23.313 -05:00  INF  Executed DbCommand (7ms) [Parameters=[], CommandType='"Text"', CommandTimeout='30']
SELECT 1
2024-01-29 01:12:23.340 -05:00  INF  Executed DbCommand (6ms) [Parameters=[], CommandType='"Text"', CommandTimeout='30']
SELECT OBJECT_ID(N'[__EFMigrationsHistory]');
2024-01-29 01:12:23.352 -05:00  INF  Executed DbCommand (8ms) [Parameters=[], CommandType='"Text"', CommandTimeout='30']
SELECT [MigrationId], [ProductVersion]
FROM [__EFMigrationsHistory]
ORDER BY [MigrationId];
2024-01-29 01:14:51.369 -05:00  INF  Now listening on: http://localhost:5114
2024-01-29 01:14:51.388 -05:00  INF  Application started. Press Ctrl+C to shut down.
2024-01-29 01:14:51.388 -05:00  INF  Hosting environment: Development
2024-01-29 01:14:51.388 -05:00  INF  Content root path: C:\Users\nhkcm\source\repos\N5TLTest\N5TLTest
2024-01-29 01:14:51.704 -05:00  INF  Request starting HTTP/1.1 GET http://localhost:5114/swagger/index.html - null null
2024-01-29 01:14:51.804 -05:00  INF  Request finished HTTP/1.1 GET http://localhost:5114/swagger/index.html - 200 null text/html;charset=utf-8 100.9929ms
2024-01-29 01:14:51.832 -05:00  INF  Request starting HTTP/1.1 GET http://localhost:5114/_framework/aspnetcore-browser-refresh.js - null null
2024-01-29 01:14:51.832 -05:00  INF  Request starting HTTP/1.1 GET http://localhost:5114/_vs/browserLink - null null
2024-01-29 01:14:51.840 -05:00  INF  Request finished HTTP/1.1 GET http://localhost:5114/_framework/aspnetcore-browser-refresh.js - 200 13752 application/javascript; charset=utf-8 7.8886ms
2024-01-29 01:14:51.848 -05:00  INF  Request finished HTTP/1.1 GET http://localhost:5114/_vs/browserLink - 200 null text/javascript; charset=UTF-8 16.4095ms
2024-01-29 01:14:51.933 -05:00  INF  Request starting HTTP/1.1 GET http://localhost:5114/swagger/v1/swagger.json - null null
2024-01-29 01:14:51.972 -05:00  INF  Request finished HTTP/1.1 GET http://localhost:5114/swagger/v1/swagger.json - 200 null application/json;charset=utf-8 39.9394ms
2024-01-29 01:14:58.901 -05:00  INF  Request starting HTTP/1.1 POST http://localhost:5114/api/Permision - application/json 77
2024-01-29 01:14:58.907 -05:00  INF  Executing endpoint 'N5TLTest.Controllers.PermisionController.CreatePermission (N5TLTest)'
2024-01-29 01:14:58.924 -05:00  INF  Route matched with {action = "CreatePermission", controller = "Permision"}. Executing controller action with signature System.Threading.Tasks.Task CreatePermission(N5TLTest.Commands.Permissions.AddPermissionCommand) on controller N5TLTest.Controllers.PermisionController (N5TLTest).
2024-01-29 01:15:09.879 -05:00  ERR  An error occurred using the connection to database 'N5Company' on server 'localhost'.
2024-01-29 01:15:09.890 -05:00  ERR  An exception occurred in the database while saving changes for context type 'N5Test.Database.N5CompanyContext'.
System.InvalidOperationException: An exception has been raised that is likely due to a transient failure. Consider enabling transient error resiliency by adding 'EnableRetryOnFailure' to the 'UseSqlServer' call.
 ---> Microsoft.Data.SqlClient.SqlException (0x80131904): Cannot open database "N5Company" requested by the login. The login failed.
Login failed for user 'sa'.
   at Microsoft.Data.SqlClient.SqlInternalConnection.OnError(SqlException exception, Boolean breakConnection, Action`1 wrapCloseInAction)
   at Microsoft.Data.SqlClient.TdsParser.ThrowExceptionAndWarning(TdsParserStateObject stateObj, Boolean callerHasConnectionLock, Boolean asyncClose)
   at Microsoft.Data.SqlClient.TdsParser.TryRun(RunBehavior runBehavior, SqlCommand cmdHandler, SqlDataReader dataStream, BulkCopySimpleResultSet bulkCopyHandler, TdsParserStateObject stateObj, Boolean& dataReady)
   at Microsoft.Data.SqlClient.TdsParser.Run(RunBehavior runBehavior, SqlCommand cmdHandler, SqlDataReader dataStream, BulkCopySimpleResultSet bulkCopyHandler, TdsParserStateObject stateObj)
   at Microsoft.Data.SqlClient.SqlInternalConnectionTds.CompleteLogin(Boolean enlistOK)
   at Microsoft.Data.SqlClient.SqlInternalConnectionTds.AttemptOneLogin(ServerInfo serverInfo, String newPassword, SecureString newSecurePassword, Boolean ignoreSniOpenTimeout, TimeoutTimer timeout, Boolean withFailover)
   at Microsoft.Data.SqlClient.SqlInternalConnectionTds.LoginNoFailover(ServerInfo serverInfo, String newPassword, SecureString newSecurePassword, Boolean redirectedUserInstance, SqlConnectionString connectionOptions, SqlCredential credential, TimeoutTimer timeout)
   at Microsoft.Data.SqlClient.SqlInternalConnectionTds.OpenLoginEnlist(TimeoutTimer timeout, SqlConnectionString connectionOptions, SqlCredential credential, String newPassword, SecureString newSecurePassword, Boolean redirectedUserInstance)
   at Microsoft.Data.SqlClient.SqlInternalConnectionTds..ctor(DbConnectionPoolIdentity identity, SqlConnectionString connectionOptions, SqlCredential credential, Object providerInfo, String newPassword, SecureString newSecurePassword, Boolean redirectedUserInstance, SqlConnectionString userConnectionOptions, SessionData reconnectSessionData, Boolean applyTransientFaultHandling, String accessToken, DbConnectionPool pool)
   at Microsoft.Data.SqlClient.SqlConnectionFactory.CreateConnection(DbConnectionOptions options, DbConnectionPoolKey poolKey, Object poolGroupProviderInfo, DbConnectionPool pool, DbConnection owningConnection, DbConnectionOptions userOptions)
   at Microsoft.Data.ProviderBase.DbConnectionFactory.CreatePooledConnection(DbConnectionPool pool, DbConnection owningObject, DbConnectionOptions options, DbConnectionPoolKey poolKey, DbConnectionOptions userOptions)
   at Microsoft.Data.ProviderBase.DbConnectionPool.CreateObject(DbConnection owningObject, DbConnectionOptions userOptions, DbConnectionInternal oldConnection)
   at Microsoft.Data.ProviderBase.DbConnectionPool.UserCreateRequest(DbConnection owningObject, DbConnectionOptions userOptions, DbConnectionInternal oldConnection)
   at Microsoft.Data.ProviderBase.DbConnectionPool.TryGetConnection(DbConnection owningObject, UInt32 waitForMultipleObjectsTimeout, Boolean allowCreate, Boolean onlyOneCheckConnection, DbConnectionOptions userOptions, DbConnectionInternal& connection)
   at Microsoft.Data.ProviderBase.DbConnectionPool.TryGetConnection(DbConnection owningObject, TaskCompletionSource`1 retry, DbConnectionOptions userOptions, DbConnectionInternal& connection)
   at Microsoft.Data.ProviderBase.DbConnectionFactory.TryGetConnection(DbConnection owningConnection, TaskCompletionSource`1 retry, DbConnectionOptions userOptions, DbConnectionInternal oldConnection, DbConnectionInternal& connection)
   at Microsoft.Data.ProviderBase.DbConnectionInternal.TryOpenConnectionInternal(DbConnection outerConnection, DbConnectionFactory connectionFactory, TaskCompletionSource`1 retry, DbConnectionOptions userOptions)
   at Microsoft.Data.ProviderBase.DbConnectionClosed.TryOpenConnection(DbConnection outerConnection, DbConnectionFactory connectionFactory, TaskCompletionSource`1 retry, DbConnectionOptions userOptions)
   at Microsoft.Data.SqlClient.SqlConnection.TryOpen(TaskCompletionSource`1 retry, SqlConnectionOverrides overrides)
   at Microsoft.Data.SqlClient.SqlConnection.Open(SqlConnectionOverrides overrides)
   at Microsoft.Data.SqlClient.SqlConnection.Open()
   at Microsoft.EntityFrameworkCore.SqlServer.Storage.Internal.SqlServerConnection.OpenDbConnection(Boolean errorsExpected)
   at Microsoft.EntityFrameworkCore.Storage.RelationalConnection.OpenInternal(Boolean errorsExpected)
   at Microsoft.EntityFrameworkCore.Storage.RelationalConnection.Open(Boolean errorsExpected)
   at Microsoft.EntityFrameworkCore.Update.Internal.BatchExecutor.Execute(IEnumerable`1 commandBatches, IRelationalConnection connection)
   at Microsoft.EntityFrameworkCore.Storage.RelationalDatabase.SaveChanges(IList`1 entries)
   at Microsoft.EntityFrameworkCore.ChangeTracking.Internal.StateManager.SaveChanges(IList`1 entriesToSave)
   at Microsoft.EntityFrameworkCore.ChangeTracking.Internal.StateManager.SaveChanges(StateManager stateManager, Boolean acceptAllChangesOnSuccess)
   at Microsoft.EntityFrameworkCore.ChangeTracking.Internal.StateManager.<>c.<SaveChanges>b__112_0(DbContext _, ValueTuple`2 t)
   at Microsoft.EntityFrameworkCore.SqlServer.Storage.Internal.SqlServerExecutionStrategy.Execute[TState,TResult](TState state, Func`3 operation, Func`3 verifySucceeded)
ClientConnectionId:61df957a-8141-43c6-8cab-7ebc6ac125c4
Error Number:4060,State:1,Class:11
   --- End of inner exception stack trace ---
   at Microsoft.EntityFrameworkCore.SqlServer.Storage.Internal.SqlServerExecutionStrategy.Execute[TState,TResult](TState state, Func`3 operation, Func`3 verifySucceeded)
   at Microsoft.EntityFrameworkCore.ChangeTracking.Internal.StateManager.SaveChanges(Boolean acceptAllChangesOnSuccess)
   at Microsoft.EntityFrameworkCore.DbContext.SaveChanges(Boolean acceptAllChangesOnSuccess)System.InvalidOperationException: An exception has been raised that is likely due to a transient failure. Consider enabling transient error resiliency by adding 'EnableRetryOnFailure' to the 'UseSqlServer' call.
 ---> Microsoft.Data.SqlClient.SqlException (0x80131904): Cannot open database "N5Company" requested by the login. The login failed.
Login failed for user 'sa'.
   at Microsoft.Data.SqlClient.SqlInternalConnection.OnError(SqlException exception, Boolean breakConnection, Action`1 wrapCloseInAction)
   at Microsoft.Data.SqlClient.TdsParser.ThrowExceptionAndWarning(TdsParserStateObject stateObj, Boolean callerHasConnectionLock, Boolean asyncClose)
   at Microsoft.Data.SqlClient.TdsParser.TryRun(RunBehavior runBehavior, SqlCommand cmdHandler, SqlDataReader dataStream, BulkCopySimpleResultSet bulkCopyHandler, TdsParserStateObject stateObj, Boolean& dataReady)
   at Microsoft.Data.SqlClient.TdsParser.Run(RunBehavior runBehavior, SqlCommand cmdHandler, SqlDataReader dataStream, BulkCopySimpleResultSet bulkCopyHandler, TdsParserStateObject stateObj)
   at Microsoft.Data.SqlClient.SqlInternalConnectionTds.CompleteLogin(Boolean enlistOK)
   at Microsoft.Data.SqlClient.SqlInternalConnectionTds.AttemptOneLogin(ServerInfo serverInfo, String newPassword, SecureString newSecurePassword, Boolean ignoreSniOpenTimeout, TimeoutTimer timeout, Boolean withFailover)
   at Microsoft.Data.SqlClient.SqlInternalConnectionTds.LoginNoFailover(ServerInfo serverInfo, String newPassword, SecureString newSecurePassword, Boolean redirectedUserInstance, SqlConnectionString connectionOptions, SqlCredential credential, TimeoutTimer timeout)
   at Microsoft.Data.SqlClient.SqlInternalConnectionTds.OpenLoginEnlist(TimeoutTimer timeout, SqlConnectionString connectionOptions, SqlCredential credential, String newPassword, SecureString newSecurePassword, Boolean redirectedUserInstance)
   at Microsoft.Data.SqlClient.SqlInternalConnectionTds..ctor(DbConnectionPoolIdentity identity, SqlConnectionString connectionOptions, SqlCredential credential, Object providerInfo, String newPassword, SecureString newSecurePassword, Boolean redirectedUserInstance, SqlConnectionString userConnectionOptions, SessionData reconnectSessionData, Boolean applyTransientFaultHandling, String accessToken, DbConnectionPool pool)
   at Microsoft.Data.SqlClient.SqlConnectionFactory.CreateConnection(DbConnectionOptions options, DbConnectionPoolKey poolKey, Object poolGroupProviderInfo, DbConnectionPool pool, DbConnection owningConnection, DbConnectionOptions userOptions)
   at Microsoft.Data.ProviderBase.DbConnectionFactory.CreatePooledConnection(DbConnectionPool pool, DbConnection owningObject, DbConnectionOptions options, DbConnectionPoolKey poolKey, DbConnectionOptions userOptions)
   at Microsoft.Data.ProviderBase.DbConnectionPool.CreateObject(DbConnection owningObject, DbConnectionOptions userOptions, DbConnectionInternal oldConnection)
   at Microsoft.Data.ProviderBase.DbConnectionPool.UserCreateRequest(DbConnection owningObject, DbConnectionOptions userOptions, DbConnectionInternal oldConnection)
   at Microsoft.Data.ProviderBase.DbConnectionPool.TryGetConnection(DbConnection owningObject, UInt32 waitForMultipleObjectsTimeout, Boolean allowCreate, Boolean onlyOneCheckConnection, DbConnectionOptions userOptions, DbConnectionInternal& connection)
   at Microsoft.Data.ProviderBase.DbConnectionPool.TryGetConnection(DbConnection owningObject, TaskCompletionSource`1 retry, DbConnectionOptions userOptions, DbConnectionInternal& connection)
   at Microsoft.Data.ProviderBase.DbConnectionFactory.TryGetConnection(DbConnection owningConnection, TaskCompletionSource`1 retry, DbConnectionOptions userOptions, DbConnectionInternal oldConnection, DbConnectionInternal& connection)
   at Microsoft.Data.ProviderBase.DbConnectionInternal.TryOpenConnectionInternal(DbConnection outerConnection, DbConnectionFactory connectionFactory, TaskCompletionSource`1 retry, DbConnectionOptions userOptions)
   at Microsoft.Data.ProviderBase.DbConnectionClosed.TryOpenConnection(DbConnection outerConnection, DbConnectionFactory connectionFactory, TaskCompletionSource`1 retry, DbConnectionOptions userOptions)
   at Microsoft.Data.SqlClient.SqlConnection.TryOpen(TaskCompletionSource`1 retry, SqlConnectionOverrides overrides)
   at Microsoft.Data.SqlClient.SqlConnection.Open(SqlConnectionOverrides overrides)
   at Microsoft.Data.SqlClient.SqlConnection.Open()
   at Microsoft.EntityFrameworkCore.SqlServer.Storage.Internal.SqlServerConnection.OpenDbConnection(Boolean errorsExpected)
   at Microsoft.EntityFrameworkCore.Storage.RelationalConnection.OpenInternal(Boolean errorsExpected)
   at Microsoft.EntityFrameworkCore.Storage.RelationalConnection.Open(Boolean errorsExpected)
   at Microsoft.EntityFrameworkCore.Update.Internal.BatchExecutor.Execute(IEnumerable`1 commandBatches, IRelationalConnection connection)
   at Microsoft.EntityFrameworkCore.Storage.RelationalDatabase.SaveChanges(IList`1 entries)
   at Microsoft.EntityFrameworkCore.ChangeTracking.Internal.StateManager.SaveChanges(IList`1 entriesToSave)
   at Microsoft.EntityFrameworkCore.ChangeTracking.Internal.StateManager.SaveChanges(StateManager stateManager, Boolean acceptAllChangesOnSuccess)
   at Microsoft.EntityFrameworkCore.ChangeTracking.Internal.StateManager.<>c.<SaveChanges>b__112_0(DbContext _, ValueTuple`2 t)
   at Microsoft.EntityFrameworkCore.SqlServer.Storage.Internal.SqlServerExecutionStrategy.Execute[TState,TResult](TState state, Func`3 operation, Func`3 verifySucceeded)
ClientConnectionId:61df957a-8141-43c6-8cab-7ebc6ac125c4
Error Number:4060,State:1,Class:11
   --- End of inner exception stack trace ---
   at Microsoft.EntityFrameworkCore.SqlServer.Storage.Internal.SqlServerExecutionStrategy.Execute[TState,TResult](TState state, Func`3 operation, Func`3 verifySucceeded)
   at Microsoft.EntityFrameworkCore.ChangeTracking.Internal.StateManager.SaveChanges(Boolean acceptAllChangesOnSuccess)
   at Microsoft.EntityFrameworkCore.DbContext.SaveChanges(Boolean acceptAllChangesOnSuccess)

2024-01-29 01:15:09.992 -05:00  INF  Executed action N5TLTest.Controllers.PermisionController.CreatePermission (N5TLTest) in 11065.4776ms
2024-01-29 01:15:09.993 -05:00  INF  Executed endpoint 'N5TLTest.Controllers.PermisionController.CreatePermission (N5TLTest)'
2024-01-29 01:15:09.996 -05:00  ERR  An unhandled exception has occurred while executing the request.System.InvalidOperationException: An exception has been raised that is likely due to a transient failure. Consider enabling transient error resiliency by adding 'EnableRetryOnFailure' to the 'UseSqlServer' call.
 ---> Microsoft.Data.SqlClient.SqlException (0x80131904): Cannot open database "N5Company" requested by the login. The login failed.
Login failed for user 'sa'.
   at Microsoft.Data.SqlClient.SqlInternalConnection.OnError(SqlException exception, Boolean breakConnection, Action`1 wrapCloseInAction)
   at Microsoft.Data.SqlClient.TdsParser.ThrowExceptionAndWarning(TdsParserStateObject stateObj, Boolean callerHasConnectionLock, Boolean asyncClose)
   at Microsoft.Data.SqlClient.TdsParser.TryRun(RunBehavior runBehavior, SqlCommand cmdHandler, SqlDataReader dataStream, BulkCopySimpleResultSet bulkCopyHandler, TdsParserStateObject stateObj, Boolean& dataReady)
   at Microsoft.Data.SqlClient.TdsParser.Run(RunBehavior runBehavior, SqlCommand cmdHandler, SqlDataReader dataStream, BulkCopySimpleResultSet bulkCopyHandler, TdsParserStateObject stateObj)
   at Microsoft.Data.SqlClient.SqlInternalConnectionTds.CompleteLogin(Boolean enlistOK)
   at Microsoft.Data.SqlClient.SqlInternalConnectionTds.AttemptOneLogin(ServerInfo serverInfo, String newPassword, SecureString newSecurePassword, Boolean ignoreSniOpenTimeout, TimeoutTimer timeout, Boolean withFailover)
   at Microsoft.Data.SqlClient.SqlInternalConnectionTds.LoginNoFailover(ServerInfo serverInfo, String newPassword, SecureString newSecurePassword, Boolean redirectedUserInstance, SqlConnectionString connectionOptions, SqlCredential credential, TimeoutTimer timeout)
   at Microsoft.Data.SqlClient.SqlInternalConnectionTds.OpenLoginEnlist(TimeoutTimer timeout, SqlConnectionString connectionOptions, SqlCredential credential, String newPassword, SecureString newSecurePassword, Boolean redirectedUserInstance)
   at Microsoft.Data.SqlClient.SqlInternalConnectionTds..ctor(DbConnectionPoolIdentity identity, SqlConnectionString connectionOptions, SqlCredential credential, Object providerInfo, String newPassword, SecureString newSecurePassword, Boolean redirectedUserInstance, SqlConnectionString userConnectionOptions, SessionData reconnectSessionData, Boolean applyTransientFaultHandling, String accessToken, DbConnectionPool pool)
   at Microsoft.Data.SqlClient.SqlConnectionFactory.CreateConnection(DbConnectionOptions options, DbConnectionPoolKey poolKey, Object poolGroupProviderInfo, DbConnectionPool pool, DbConnection owningConnection, DbConnectionOptions userOptions)
   at Microsoft.Data.ProviderBase.DbConnectionFactory.CreatePooledConnection(DbConnectionPool pool, DbConnection owningObject, DbConnectionOptions options, DbConnectionPoolKey poolKey, DbConnectionOptions userOptions)
   at Microsoft.Data.ProviderBase.DbConnectionPool.CreateObject(DbConnection owningObject, DbConnectionOptions userOptions, DbConnectionInternal oldConnection)
   at Microsoft.Data.ProviderBase.DbConnectionPool.UserCreateRequest(DbConnection owningObject, DbConnectionOptions userOptions, DbConnectionInternal oldConnection)
   at Microsoft.Data.ProviderBase.DbConnectionPool.TryGetConnection(DbConnection owningObject, UInt32 waitForMultipleObjectsTimeout, Boolean allowCreate, Boolean onlyOneCheckConnection, DbConnectionOptions userOptions, DbConnectionInternal& connection)
   at Microsoft.Data.ProviderBase.DbConnectionPool.TryGetConnection(DbConnection owningObject, TaskCompletionSource`1 retry, DbConnectionOptions userOptions, DbConnectionInternal& connection)
   at Microsoft.Data.ProviderBase.DbConnectionFactory.TryGetConnection(DbConnection owningConnection, TaskCompletionSource`1 retry, DbConnectionOptions userOptions, DbConnectionInternal oldConnection, DbConnectionInternal& connection)
   at Microsoft.Data.ProviderBase.DbConnectionInternal.TryOpenConnectionInternal(DbConnection outerConnection, DbConnectionFactory connectionFactory, TaskCompletionSource`1 retry, DbConnectionOptions userOptions)
   at Microsoft.Data.ProviderBase.DbConnectionClosed.TryOpenConnection(DbConnection outerConnection, DbConnectionFactory connectionFactory, TaskCompletionSource`1 retry, DbConnectionOptions userOptions)
   at Microsoft.Data.SqlClient.SqlConnection.TryOpen(TaskCompletionSource`1 retry, SqlConnectionOverrides overrides)
   at Microsoft.Data.SqlClient.SqlConnection.Open(SqlConnectionOverrides overrides)
   at Microsoft.Data.SqlClient.SqlConnection.Open()
   at Microsoft.EntityFrameworkCore.SqlServer.Storage.Internal.SqlServerConnection.OpenDbConnection(Boolean errorsExpected)
   at Microsoft.EntityFrameworkCore.Storage.RelationalConnection.OpenInternal(Boolean errorsExpected)
   at Microsoft.EntityFrameworkCore.Storage.RelationalConnection.Open(Boolean errorsExpected)
   at Microsoft.EntityFrameworkCore.Update.Internal.BatchExecutor.Execute(IEnumerable`1 commandBatches, IRelationalConnection connection)
   at Microsoft.EntityFrameworkCore.Storage.RelationalDatabase.SaveChanges(IList`1 entries)
   at Microsoft.EntityFrameworkCore.ChangeTracking.Internal.StateManager.SaveChanges(IList`1 entriesToSave)
   at Microsoft.EntityFrameworkCore.ChangeTracking.Internal.StateManager.SaveChanges(StateManager stateManager, Boolean acceptAllChangesOnSuccess)
   at Microsoft.EntityFrameworkCore.ChangeTracking.Internal.StateManager.<>c.<SaveChanges>b__112_0(DbContext _, ValueTuple`2 t)
   at Microsoft.EntityFrameworkCore.SqlServer.Storage.Internal.SqlServerExecutionStrategy.Execute[TState,TResult](TState state, Func`3 operation, Func`3 verifySucceeded)
ClientConnectionId:61df957a-8141-43c6-8cab-7ebc6ac125c4
Error Number:4060,State:1,Class:11
   --- End of inner exception stack trace ---
   at Microsoft.EntityFrameworkCore.SqlServer.Storage.Internal.SqlServerExecutionStrategy.Execute[TState,TResult](TState state, Func`3 operation, Func`3 verifySucceeded)
   at Microsoft.EntityFrameworkCore.ChangeTracking.Internal.StateManager.SaveChanges(Boolean acceptAllChangesOnSuccess)
   at Microsoft.EntityFrameworkCore.DbContext.SaveChanges(Boolean acceptAllChangesOnSuccess)
   at Microsoft.EntityFrameworkCore.DbContext.SaveChanges()
   at N5TLTest.Database.repositories.PermissionRepository.Add(AddPermissionCommand command) in C:\Users\nhkcm\source\repos\N5TLTest\N5TLTest\Database\repositories\PermissionRepository.cs:line 26
   at N5TLTest.Handlers.PermissionCommandHandler.Handle(AddPermissionCommand command) in C:\Users\nhkcm\source\repos\N5TLTest\N5TLTest\Handlers\PermissionCommandHandler.cs:line 33
   at N5TLTest.Controllers.PermisionController.CreatePermission(AddPermissionCommand command) in C:\Users\nhkcm\source\repos\N5TLTest\N5TLTest\Controllers\PermisionController.cs:line 21
   at Microsoft.AspNetCore.Mvc.Infrastructure.ActionMethodExecutor.TaskResultExecutor.Execute(ActionContext actionContext, IActionResultTypeMapper mapper, ObjectMethodExecutor executor, Object controller, Object[] arguments)
   at Microsoft.AspNetCore.Mvc.Infrastructure.ControllerActionInvoker.<InvokeActionMethodAsync>g__Awaited|12_0(ControllerActionInvoker invoker, ValueTask`1 actionResultValueTask)
   at Microsoft.AspNetCore.Mvc.Infrastructure.ControllerActionInvoker.<InvokeNextActionFilterAsync>g__Awaited|10_0(ControllerActionInvoker invoker, Task lastTask, State next, Scope scope, Object state, Boolean isCompleted)
   at Microsoft.AspNetCore.Mvc.Infrastructure.ControllerActionInvoker.Rethrow(ActionExecutedContextSealed context)
   at Microsoft.AspNetCore.Mvc.Infrastructure.ControllerActionInvoker.Next(State& next, Scope& scope, Object& state, Boolean& isCompleted)
   at Microsoft.AspNetCore.Mvc.Infrastructure.ControllerActionInvoker.InvokeInnerFilterAsync()
--- End of stack trace from previous location ---
   at Microsoft.AspNetCore.Mvc.Infrastructure.ResourceInvoker.<InvokeFilterPipelineAsync>g__Awaited|20_0(ResourceInvoker invoker, Task lastTask, State next, Scope scope, Object state, Boolean isCompleted)
   at Microsoft.AspNetCore.Mvc.Infrastructure.ResourceInvoker.<InvokeAsync>g__Logged|17_1(ResourceInvoker invoker)
   at Microsoft.AspNetCore.Mvc.Infrastructure.ResourceInvoker.<InvokeAsync>g__Logged|17_1(ResourceInvoker invoker)
   at Microsoft.AspNetCore.Routing.EndpointMiddleware.<Invoke>g__AwaitRequestTask|7_0(Endpoint endpoint, Task requestTask, ILogger logger)
   at Microsoft.AspNetCore.Authorization.AuthorizationMiddleware.Invoke(HttpContext context)
   at Swashbuckle.AspNetCore.SwaggerUI.SwaggerUIMiddleware.Invoke(HttpContext httpContext)
   at Swashbuckle.AspNetCore.Swagger.SwaggerMiddleware.Invoke(HttpContext httpContext, ISwaggerProvider swaggerProvider)
   at Microsoft.AspNetCore.Authentication.AuthenticationMiddleware.Invoke(HttpContext context)
   at Microsoft.AspNetCore.Diagnostics.DeveloperExceptionPageMiddlewareImpl.Invoke(HttpContext context)

2024-01-29 01:15:10.010 -05:00  INF  Request finished HTTP/1.1 POST http://localhost:5114/api/Permision - 500 null text/plain; charset=utf-8 11108.319ms
2024-01-29 01:16:08.497 -05:00  INF  Executed DbCommand (163ms) [Parameters=[], CommandType='"Text"', CommandTimeout='60']
CREATE DATABASE [N5Company];
2024-01-29 01:16:08.601 -05:00  INF  Executed DbCommand (87ms) [Parameters=[], CommandType='"Text"', CommandTimeout='60']
IF SERVERPROPERTY('EngineEdition') <> 5
BEGIN
    ALTER DATABASE [N5Company] SET READ_COMMITTED_SNAPSHOT ON;
END;
2024-01-29 01:16:08.616 -05:00  INF  Executed DbCommand (3ms) [Parameters=[], CommandType='"Text"', CommandTimeout='30']
SELECT 1
2024-01-29 01:16:08.647 -05:00  INF  Executed DbCommand (8ms) [Parameters=[], CommandType='"Text"', CommandTimeout='30']
CREATE TABLE [__EFMigrationsHistory] (
    [MigrationId] nvarchar(150) NOT NULL,
    [ProductVersion] nvarchar(32) NOT NULL,
    CONSTRAINT [PK___EFMigrationsHistory] PRIMARY KEY ([MigrationId])
);
2024-01-29 01:16:08.649 -05:00  INF  Executed DbCommand (1ms) [Parameters=[], CommandType='"Text"', CommandTimeout='30']
SELECT 1
2024-01-29 01:16:08.656 -05:00  INF  Executed DbCommand (6ms) [Parameters=[], CommandType='"Text"', CommandTimeout='30']
SELECT OBJECT_ID(N'[__EFMigrationsHistory]');
2024-01-29 01:16:08.670 -05:00  INF  Executed DbCommand (12ms) [Parameters=[], CommandType='"Text"', CommandTimeout='30']
SELECT [MigrationId], [ProductVersion]
FROM [__EFMigrationsHistory]
ORDER BY [MigrationId];
2024-01-29 01:16:08.676 -05:00  INF  Applying migration '20240129061431_InitialCreate'.
2024-01-29 01:16:08.695 -05:00  INF  Executed DbCommand (2ms) [Parameters=[], CommandType='"Text"', CommandTimeout='30']
CREATE TABLE [Employees] (
    [Id] uniqueidentifier NOT NULL,
    [FirstName] nvarchar(max) NOT NULL,
    [LastName] nvarchar(max) NOT NULL,
    CONSTRAINT [PK_Employees] PRIMARY KEY ([Id])
);
2024-01-29 01:16:08.697 -05:00  INF  Executed DbCommand (1ms) [Parameters=[], CommandType='"Text"', CommandTimeout='30']
CREATE TABLE [PermissionTypes] (
    [Id] uniqueidentifier NOT NULL,
    [Description] nvarchar(max) NOT NULL,
    CONSTRAINT [PK_PermissionTypes] PRIMARY KEY ([Id])
);
2024-01-29 01:16:08.698 -05:00  INF  Executed DbCommand (1ms) [Parameters=[], CommandType='"Text"', CommandTimeout='30']
CREATE TABLE [EmployeePermissionType] (
    [EmployeesId] uniqueidentifier NOT NULL,
    [PermissionTypesId] uniqueidentifier NOT NULL,
    CONSTRAINT [PK_EmployeePermissionType] PRIMARY KEY ([EmployeesId], [PermissionTypesId]),
    CONSTRAINT [FK_EmployeePermissionType_Employees_EmployeesId] FOREIGN KEY ([EmployeesId]) REFERENCES [Employees] ([Id]) ON DELETE CASCADE,
    CONSTRAINT [FK_EmployeePermissionType_PermissionTypes_PermissionTypesId] FOREIGN KEY ([PermissionTypesId]) REFERENCES [PermissionTypes] ([Id]) ON DELETE CASCADE
);
2024-01-29 01:16:08.699 -05:00  INF  Executed DbCommand (1ms) [Parameters=[], CommandType='"Text"', CommandTimeout='30']
CREATE TABLE [Permissions] (
    [Id] uniqueidentifier NOT NULL,
    [Description] nvarchar(max) NULL,
    [PermissionTypeId] uniqueidentifier NOT NULL,
    CONSTRAINT [PK_Permissions] PRIMARY KEY ([Id]),
    CONSTRAINT [FK_Permissions_PermissionTypes_PermissionTypeId] FOREIGN KEY ([PermissionTypeId]) REFERENCES [PermissionTypes] ([Id]) ON DELETE CASCADE
);
2024-01-29 01:16:08.701 -05:00  INF  Executed DbCommand (1ms) [Parameters=[], CommandType='"Text"', CommandTimeout='30']
CREATE INDEX [IX_EmployeePermissionType_PermissionTypesId] ON [EmployeePermissionType] ([PermissionTypesId]);
2024-01-29 01:16:08.702 -05:00  INF  Executed DbCommand (1ms) [Parameters=[], CommandType='"Text"', CommandTimeout='30']
CREATE INDEX [IX_Permissions_PermissionTypeId] ON [Permissions] ([PermissionTypeId]);
2024-01-29 01:16:08.703 -05:00  INF  Executed DbCommand (1ms) [Parameters=[], CommandType='"Text"', CommandTimeout='30']
INSERT INTO [__EFMigrationsHistory] ([MigrationId], [ProductVersion])
VALUES (N'20240129061431_InitialCreate', N'8.0.1');
2024-01-29 01:16:19.309 -05:00  INF  Now listening on: http://localhost:5114
2024-01-29 01:16:19.326 -05:00  INF  Application started. Press Ctrl+C to shut down.
2024-01-29 01:16:19.327 -05:00  INF  Hosting environment: Development
2024-01-29 01:16:19.327 -05:00  INF  Content root path: C:\Users\nhkcm\source\repos\N5TLTest\N5TLTest
2024-01-29 01:16:19.939 -05:00  INF  Request starting HTTP/1.1 GET http://localhost:5114/swagger/index.html - null null
2024-01-29 01:16:20.026 -05:00  INF  Request finished HTTP/1.1 GET http://localhost:5114/swagger/index.html - 200 null text/html;charset=utf-8 87.9607ms
2024-01-29 01:16:20.045 -05:00  INF  Request starting HTTP/1.1 GET http://localhost:5114/_vs/browserLink - null null
2024-01-29 01:16:20.045 -05:00  INF  Request starting HTTP/1.1 GET http://localhost:5114/_framework/aspnetcore-browser-refresh.js - null null
2024-01-29 01:16:20.047 -05:00  INF  Request finished HTTP/1.1 GET http://localhost:5114/_framework/aspnetcore-browser-refresh.js - 200 13752 application/javascript; charset=utf-8 1.7169ms
2024-01-29 01:16:20.054 -05:00  INF  Request finished HTTP/1.1 GET http://localhost:5114/_vs/browserLink - 200 null text/javascript; charset=UTF-8 8.8782ms
2024-01-29 01:16:20.120 -05:00  INF  Request starting HTTP/1.1 GET http://localhost:5114/swagger/v1/swagger.json - null null
2024-01-29 01:16:20.158 -05:00  INF  Request finished HTTP/1.1 GET http://localhost:5114/swagger/v1/swagger.json - 200 null application/json;charset=utf-8 37.6101ms
2024-01-29 01:16:24.501 -05:00  INF  Request starting HTTP/1.1 POST http://localhost:5114/api/Permision - application/json 77
2024-01-29 01:16:24.504 -05:00  INF  Executing endpoint 'N5TLTest.Controllers.PermisionController.CreatePermission (N5TLTest)'
2024-01-29 01:16:24.514 -05:00  INF  Route matched with {action = "CreatePermission", controller = "Permision"}. Executing controller action with signature System.Threading.Tasks.Task CreatePermission(N5TLTest.Commands.Permissions.AddPermissionCommand) on controller N5TLTest.Controllers.PermisionController (N5TLTest).
2024-01-29 01:16:25.063 -05:00  ERR  Failed executing DbCommand (17ms) [Parameters=[@p0='?' (DbType = Guid), @p1='?' (Size = 4000), @p2='?' (DbType = Guid)], CommandType='"Text"', CommandTimeout='30']
SET IMPLICIT_TRANSACTIONS OFF;
SET NOCOUNT ON;
INSERT INTO [Permissions] ([Id], [Description], [PermissionTypeId])
VALUES (@p0, @p1, @p2);
2024-01-29 01:16:25.072 -05:00  ERR  An exception occurred in the database while saving changes for context type 'N5Test.Database.N5CompanyContext'.
Microsoft.EntityFrameworkCore.DbUpdateException: An error occurred while saving the entity changes. See the inner exception for details.
 ---> Microsoft.Data.SqlClient.SqlException (0x80131904): The INSERT statement conflicted with the FOREIGN KEY constraint "FK_Permissions_PermissionTypes_PermissionTypeId". The conflict occurred in database "N5Company", table "dbo.PermissionTypes", column 'Id'.
The statement has been terminated.
   at Microsoft.Data.SqlClient.SqlConnection.OnError(SqlException exception, Boolean breakConnection, Action`1 wrapCloseInAction)
   at Microsoft.Data.SqlClient.SqlInternalConnection.OnError(SqlException exception, Boolean breakConnection, Action`1 wrapCloseInAction)
   at Microsoft.Data.SqlClient.TdsParser.ThrowExceptionAndWarning(TdsParserStateObject stateObj, Boolean callerHasConnectionLock, Boolean asyncClose)
   at Microsoft.Data.SqlClient.TdsParser.TryRun(RunBehavior runBehavior, SqlCommand cmdHandler, SqlDataReader dataStream, BulkCopySimpleResultSet bulkCopyHandler, TdsParserStateObject stateObj, Boolean& dataReady)
   at Microsoft.Data.SqlClient.SqlDataReader.TryConsumeMetaData()
   at Microsoft.Data.SqlClient.SqlDataReader.get_MetaData()
   at Microsoft.Data.SqlClient.SqlCommand.FinishExecuteReader(SqlDataReader ds, RunBehavior runBehavior, String resetOptionsString, Boolean isInternal, Boolean forDescribeParameterEncryption, Boolean shouldCacheForAlwaysEncrypted)
   at Microsoft.Data.SqlClient.SqlCommand.RunExecuteReaderTds(CommandBehavior cmdBehavior, RunBehavior runBehavior, Boolean returnStream, Boolean isAsync, Int32 timeout, Task& task, Boolean asyncWrite, Boolean inRetry, SqlDataReader ds, Boolean describeParameterEncryptionRequest)
   at Microsoft.Data.SqlClient.SqlCommand.RunExecuteReader(CommandBehavior cmdBehavior, RunBehavior runBehavior, Boolean returnStream, TaskCompletionSource`1 completion, Int32 timeout, Task& task, Boolean& usedCache, Boolean asyncWrite, Boolean inRetry, String method)
   at Microsoft.Data.SqlClient.SqlCommand.RunExecuteReader(CommandBehavior cmdBehavior, RunBehavior runBehavior, Boolean returnStream, String method)
   at Microsoft.Data.SqlClient.SqlCommand.ExecuteReader(CommandBehavior behavior)
   at Microsoft.Data.SqlClient.SqlCommand.ExecuteDbDataReader(CommandBehavior behavior)
   at Microsoft.EntityFrameworkCore.Storage.RelationalCommand.ExecuteReader(RelationalCommandParameterObject parameterObject)
   at Microsoft.EntityFrameworkCore.Update.ReaderModificationCommandBatch.Execute(IRelationalConnection connection)
ClientConnectionId:ad873929-c169-4fe8-8f79-46d1850f7d2b
Error Number:547,State:0,Class:16
   --- End of inner exception stack trace ---
   at Microsoft.EntityFrameworkCore.Update.ReaderModificationCommandBatch.Execute(IRelationalConnection connection)
   at Microsoft.EntityFrameworkCore.SqlServer.Update.Internal.SqlServerModificationCommandBatch.Execute(IRelationalConnection connection)
   at Microsoft.EntityFrameworkCore.Update.Internal.BatchExecutor.Execute(IEnumerable`1 commandBatches, IRelationalConnection connection)
   at Microsoft.EntityFrameworkCore.Storage.RelationalDatabase.SaveChanges(IList`1 entries)
   at Microsoft.EntityFrameworkCore.ChangeTracking.Internal.StateManager.SaveChanges(IList`1 entriesToSave)
   at Microsoft.EntityFrameworkCore.ChangeTracking.Internal.StateManager.SaveChanges(StateManager stateManager, Boolean acceptAllChangesOnSuccess)
   at Microsoft.EntityFrameworkCore.ChangeTracking.Internal.StateManager.<>c.<SaveChanges>b__112_0(DbContext _, ValueTuple`2 t)
   at Microsoft.EntityFrameworkCore.SqlServer.Storage.Internal.SqlServerExecutionStrategy.Execute[TState,TResult](TState state, Func`3 operation, Func`3 verifySucceeded)
   at Microsoft.EntityFrameworkCore.ChangeTracking.Internal.StateManager.SaveChanges(Boolean acceptAllChangesOnSuccess)
   at Microsoft.EntityFrameworkCore.DbContext.SaveChanges(Boolean acceptAllChangesOnSuccess)Microsoft.EntityFrameworkCore.DbUpdateException: An error occurred while saving the entity changes. See the inner exception for details.
 ---> Microsoft.Data.SqlClient.SqlException (0x80131904): The INSERT statement conflicted with the FOREIGN KEY constraint "FK_Permissions_PermissionTypes_PermissionTypeId". The conflict occurred in database "N5Company", table "dbo.PermissionTypes", column 'Id'.
The statement has been terminated.
   at Microsoft.Data.SqlClient.SqlConnection.OnError(SqlException exception, Boolean breakConnection, Action`1 wrapCloseInAction)
   at Microsoft.Data.SqlClient.SqlInternalConnection.OnError(SqlException exception, Boolean breakConnection, Action`1 wrapCloseInAction)
   at Microsoft.Data.SqlClient.TdsParser.ThrowExceptionAndWarning(TdsParserStateObject stateObj, Boolean callerHasConnectionLock, Boolean asyncClose)
   at Microsoft.Data.SqlClient.TdsParser.TryRun(RunBehavior runBehavior, SqlCommand cmdHandler, SqlDataReader dataStream, BulkCopySimpleResultSet bulkCopyHandler, TdsParserStateObject stateObj, Boolean& dataReady)
   at Microsoft.Data.SqlClient.SqlDataReader.TryConsumeMetaData()
   at Microsoft.Data.SqlClient.SqlDataReader.get_MetaData()
   at Microsoft.Data.SqlClient.SqlCommand.FinishExecuteReader(SqlDataReader ds, RunBehavior runBehavior, String resetOptionsString, Boolean isInternal, Boolean forDescribeParameterEncryption, Boolean shouldCacheForAlwaysEncrypted)
   at Microsoft.Data.SqlClient.SqlCommand.RunExecuteReaderTds(CommandBehavior cmdBehavior, RunBehavior runBehavior, Boolean returnStream, Boolean isAsync, Int32 timeout, Task& task, Boolean asyncWrite, Boolean inRetry, SqlDataReader ds, Boolean describeParameterEncryptionRequest)
   at Microsoft.Data.SqlClient.SqlCommand.RunExecuteReader(CommandBehavior cmdBehavior, RunBehavior runBehavior, Boolean returnStream, TaskCompletionSource`1 completion, Int32 timeout, Task& task, Boolean& usedCache, Boolean asyncWrite, Boolean inRetry, String method)
   at Microsoft.Data.SqlClient.SqlCommand.RunExecuteReader(CommandBehavior cmdBehavior, RunBehavior runBehavior, Boolean returnStream, String method)
   at Microsoft.Data.SqlClient.SqlCommand.ExecuteReader(CommandBehavior behavior)
   at Microsoft.Data.SqlClient.SqlCommand.ExecuteDbDataReader(CommandBehavior behavior)
   at Microsoft.EntityFrameworkCore.Storage.RelationalCommand.ExecuteReader(RelationalCommandParameterObject parameterObject)
   at Microsoft.EntityFrameworkCore.Update.ReaderModificationCommandBatch.Execute(IRelationalConnection connection)
ClientConnectionId:ad873929-c169-4fe8-8f79-46d1850f7d2b
Error Number:547,State:0,Class:16
   --- End of inner exception stack trace ---
   at Microsoft.EntityFrameworkCore.Update.ReaderModificationCommandBatch.Execute(IRelationalConnection connection)
   at Microsoft.EntityFrameworkCore.SqlServer.Update.Internal.SqlServerModificationCommandBatch.Execute(IRelationalConnection connection)
   at Microsoft.EntityFrameworkCore.Update.Internal.BatchExecutor.Execute(IEnumerable`1 commandBatches, IRelationalConnection connection)
   at Microsoft.EntityFrameworkCore.Storage.RelationalDatabase.SaveChanges(IList`1 entries)
   at Microsoft.EntityFrameworkCore.ChangeTracking.Internal.StateManager.SaveChanges(IList`1 entriesToSave)
   at Microsoft.EntityFrameworkCore.ChangeTracking.Internal.StateManager.SaveChanges(StateManager stateManager, Boolean acceptAllChangesOnSuccess)
   at Microsoft.EntityFrameworkCore.ChangeTracking.Internal.StateManager.<>c.<SaveChanges>b__112_0(DbContext _, ValueTuple`2 t)
   at Microsoft.EntityFrameworkCore.SqlServer.Storage.Internal.SqlServerExecutionStrategy.Execute[TState,TResult](TState state, Func`3 operation, Func`3 verifySucceeded)
   at Microsoft.EntityFrameworkCore.ChangeTracking.Internal.StateManager.SaveChanges(Boolean acceptAllChangesOnSuccess)
   at Microsoft.EntityFrameworkCore.DbContext.SaveChanges(Boolean acceptAllChangesOnSuccess)

2024-01-29 01:16:25.125 -05:00  INF  Executed action N5TLTest.Controllers.PermisionController.CreatePermission (N5TLTest) in 608.6095ms
2024-01-29 01:16:25.125 -05:00  INF  Executed endpoint 'N5TLTest.Controllers.PermisionController.CreatePermission (N5TLTest)'
2024-01-29 01:16:25.127 -05:00  ERR  An unhandled exception has occurred while executing the request.Microsoft.EntityFrameworkCore.DbUpdateException: An error occurred while saving the entity changes. See the inner exception for details.
 ---> Microsoft.Data.SqlClient.SqlException (0x80131904): The INSERT statement conflicted with the FOREIGN KEY constraint "FK_Permissions_PermissionTypes_PermissionTypeId". The conflict occurred in database "N5Company", table "dbo.PermissionTypes", column 'Id'.
The statement has been terminated.
   at Microsoft.Data.SqlClient.SqlConnection.OnError(SqlException exception, Boolean breakConnection, Action`1 wrapCloseInAction)
   at Microsoft.Data.SqlClient.SqlInternalConnection.OnError(SqlException exception, Boolean breakConnection, Action`1 wrapCloseInAction)
   at Microsoft.Data.SqlClient.TdsParser.ThrowExceptionAndWarning(TdsParserStateObject stateObj, Boolean callerHasConnectionLock, Boolean asyncClose)
   at Microsoft.Data.SqlClient.TdsParser.TryRun(RunBehavior runBehavior, SqlCommand cmdHandler, SqlDataReader dataStream, BulkCopySimpleResultSet bulkCopyHandler, TdsParserStateObject stateObj, Boolean& dataReady)
   at Microsoft.Data.SqlClient.SqlDataReader.TryConsumeMetaData()
   at Microsoft.Data.SqlClient.SqlDataReader.get_MetaData()
   at Microsoft.Data.SqlClient.SqlCommand.FinishExecuteReader(SqlDataReader ds, RunBehavior runBehavior, String resetOptionsString, Boolean isInternal, Boolean forDescribeParameterEncryption, Boolean shouldCacheForAlwaysEncrypted)
   at Microsoft.Data.SqlClient.SqlCommand.RunExecuteReaderTds(CommandBehavior cmdBehavior, RunBehavior runBehavior, Boolean returnStream, Boolean isAsync, Int32 timeout, Task& task, Boolean asyncWrite, Boolean inRetry, SqlDataReader ds, Boolean describeParameterEncryptionRequest)
   at Microsoft.Data.SqlClient.SqlCommand.RunExecuteReader(CommandBehavior cmdBehavior, RunBehavior runBehavior, Boolean returnStream, TaskCompletionSource`1 completion, Int32 timeout, Task& task, Boolean& usedCache, Boolean asyncWrite, Boolean inRetry, String method)
   at Microsoft.Data.SqlClient.SqlCommand.RunExecuteReader(CommandBehavior cmdBehavior, RunBehavior runBehavior, Boolean returnStream, String method)
   at Microsoft.Data.SqlClient.SqlCommand.ExecuteReader(CommandBehavior behavior)
   at Microsoft.Data.SqlClient.SqlCommand.ExecuteDbDataReader(CommandBehavior behavior)
   at Microsoft.EntityFrameworkCore.Storage.RelationalCommand.ExecuteReader(RelationalCommandParameterObject parameterObject)
   at Microsoft.EntityFrameworkCore.Update.ReaderModificationCommandBatch.Execute(IRelationalConnection connection)
ClientConnectionId:ad873929-c169-4fe8-8f79-46d1850f7d2b
Error Number:547,State:0,Class:16
   --- End of inner exception stack trace ---
   at Microsoft.EntityFrameworkCore.Update.ReaderModificationCommandBatch.Execute(IRelationalConnection connection)
   at Microsoft.EntityFrameworkCore.SqlServer.Update.Internal.SqlServerModificationCommandBatch.Execute(IRelationalConnection connection)
   at Microsoft.EntityFrameworkCore.Update.Internal.BatchExecutor.Execute(IEnumerable`1 commandBatches, IRelationalConnection connection)
   at Microsoft.EntityFrameworkCore.Storage.RelationalDatabase.SaveChanges(IList`1 entries)
   at Microsoft.EntityFrameworkCore.ChangeTracking.Internal.StateManager.SaveChanges(IList`1 entriesToSave)
   at Microsoft.EntityFrameworkCore.ChangeTracking.Internal.StateManager.SaveChanges(StateManager stateManager, Boolean acceptAllChangesOnSuccess)
   at Microsoft.EntityFrameworkCore.ChangeTracking.Internal.StateManager.<>c.<SaveChanges>b__112_0(DbContext _, ValueTuple`2 t)
   at Microsoft.EntityFrameworkCore.SqlServer.Storage.Internal.SqlServerExecutionStrategy.Execute[TState,TResult](TState state, Func`3 operation, Func`3 verifySucceeded)
   at Microsoft.EntityFrameworkCore.ChangeTracking.Internal.StateManager.SaveChanges(Boolean acceptAllChangesOnSuccess)
   at Microsoft.EntityFrameworkCore.DbContext.SaveChanges(Boolean acceptAllChangesOnSuccess)
   at Microsoft.EntityFrameworkCore.DbContext.SaveChanges()
   at N5TLTest.Database.repositories.PermissionRepository.Add(AddPermissionCommand command) in C:\Users\nhkcm\source\repos\N5TLTest\N5TLTest\Database\repositories\PermissionRepository.cs:line 26
   at N5TLTest.Handlers.PermissionCommandHandler.Handle(AddPermissionCommand command) in C:\Users\nhkcm\source\repos\N5TLTest\N5TLTest\Handlers\PermissionCommandHandler.cs:line 33
   at N5TLTest.Controllers.PermisionController.CreatePermission(AddPermissionCommand command) in C:\Users\nhkcm\source\repos\N5TLTest\N5TLTest\Controllers\PermisionController.cs:line 21
   at Microsoft.AspNetCore.Mvc.Infrastructure.ActionMethodExecutor.TaskResultExecutor.Execute(ActionContext actionContext, IActionResultTypeMapper mapper, ObjectMethodExecutor executor, Object controller, Object[] arguments)
   at Microsoft.AspNetCore.Mvc.Infrastructure.ControllerActionInvoker.<InvokeActionMethodAsync>g__Awaited|12_0(ControllerActionInvoker invoker, ValueTask`1 actionResultValueTask)
   at Microsoft.AspNetCore.Mvc.Infrastructure.ControllerActionInvoker.<InvokeNextActionFilterAsync>g__Awaited|10_0(ControllerActionInvoker invoker, Task lastTask, State next, Scope scope, Object state, Boolean isCompleted)
   at Microsoft.AspNetCore.Mvc.Infrastructure.ControllerActionInvoker.Rethrow(ActionExecutedContextSealed context)
   at Microsoft.AspNetCore.Mvc.Infrastructure.ControllerActionInvoker.Next(State& next, Scope& scope, Object& state, Boolean& isCompleted)
   at Microsoft.AspNetCore.Mvc.Infrastructure.ControllerActionInvoker.InvokeInnerFilterAsync()
--- End of stack trace from previous location ---
   at Microsoft.AspNetCore.Mvc.Infrastructure.ResourceInvoker.<InvokeFilterPipelineAsync>g__Awaited|20_0(ResourceInvoker invoker, Task lastTask, State next, Scope scope, Object state, Boolean isCompleted)
   at Microsoft.AspNetCore.Mvc.Infrastructure.ResourceInvoker.<InvokeAsync>g__Logged|17_1(ResourceInvoker invoker)
   at Microsoft.AspNetCore.Mvc.Infrastructure.ResourceInvoker.<InvokeAsync>g__Logged|17_1(ResourceInvoker invoker)
   at Microsoft.AspNetCore.Routing.EndpointMiddleware.<Invoke>g__AwaitRequestTask|7_0(Endpoint endpoint, Task requestTask, ILogger logger)
   at Microsoft.AspNetCore.Authorization.AuthorizationMiddleware.Invoke(HttpContext context)
   at Swashbuckle.AspNetCore.SwaggerUI.SwaggerUIMiddleware.Invoke(HttpContext httpContext)
   at Swashbuckle.AspNetCore.Swagger.SwaggerMiddleware.Invoke(HttpContext httpContext, ISwaggerProvider swaggerProvider)
   at Microsoft.AspNetCore.Authentication.AuthenticationMiddleware.Invoke(HttpContext context)
   at Microsoft.AspNetCore.Diagnostics.DeveloperExceptionPageMiddlewareImpl.Invoke(HttpContext context)

2024-01-29 01:16:25.138 -05:00  INF  Request finished HTTP/1.1 POST http://localhost:5114/api/Permision - 500 null text/plain; charset=utf-8 636.9824ms
2024-01-29 01:26:12.592 -05:00  INF  Now listening on: http://localhost:5114
2024-01-29 01:26:12.611 -05:00  INF  Application started. Press Ctrl+C to shut down.
2024-01-29 01:26:12.611 -05:00  INF  Hosting environment: Development
2024-01-29 01:26:12.611 -05:00  INF  Content root path: C:\Users\nhkcm\source\repos\N5TLTest\N5TLTest
2024-01-29 01:26:12.791 -05:00  INF  Request starting HTTP/1.1 GET http://localhost:5114/swagger/index.html - null null
2024-01-29 01:26:12.886 -05:00  INF  Request finished HTTP/1.1 GET http://localhost:5114/swagger/index.html - 200 null text/html;charset=utf-8 96.3351ms
2024-01-29 01:26:12.904 -05:00  INF  Request starting HTTP/1.1 GET http://localhost:5114/_framework/aspnetcore-browser-refresh.js - null null
2024-01-29 01:26:12.904 -05:00  INF  Request starting HTTP/1.1 GET http://localhost:5114/_vs/browserLink - null null
2024-01-29 01:26:12.905 -05:00  INF  Request finished HTTP/1.1 GET http://localhost:5114/_framework/aspnetcore-browser-refresh.js - 200 13752 application/javascript; charset=utf-8 1.1621ms
2024-01-29 01:26:12.913 -05:00  INF  Request finished HTTP/1.1 GET http://localhost:5114/_vs/browserLink - 200 null text/javascript; charset=UTF-8 9.1524ms
2024-01-29 01:26:12.979 -05:00  INF  Request starting HTTP/1.1 GET http://localhost:5114/swagger/v1/swagger.json - null null
2024-01-29 01:26:13.024 -05:00  INF  Request finished HTTP/1.1 GET http://localhost:5114/swagger/v1/swagger.json - 200 null application/json;charset=utf-8 44.2724ms
2024-01-29 01:28:55.174 -05:00  INF  Now listening on: http://localhost:5114
2024-01-29 01:28:55.192 -05:00  INF  Application started. Press Ctrl+C to shut down.
2024-01-29 01:28:55.192 -05:00  INF  Hosting environment: Development
2024-01-29 01:28:55.193 -05:00  INF  Content root path: C:\Users\nhkcm\source\repos\N5TLTest\N5TLTest
2024-01-29 01:28:55.460 -05:00  INF  Request starting HTTP/1.1 GET http://localhost:5114/swagger/index.html - null null
2024-01-29 01:28:55.561 -05:00  INF  Request finished HTTP/1.1 GET http://localhost:5114/swagger/index.html - 200 null text/html;charset=utf-8 102.1552ms
2024-01-29 01:28:55.578 -05:00  INF  Request starting HTTP/1.1 GET http://localhost:5114/_vs/browserLink - null null
2024-01-29 01:28:55.578 -05:00  INF  Request starting HTTP/1.1 GET http://localhost:5114/_framework/aspnetcore-browser-refresh.js - null null
2024-01-29 01:28:55.579 -05:00  INF  Request finished HTTP/1.1 GET http://localhost:5114/_framework/aspnetcore-browser-refresh.js - 200 13752 application/javascript; charset=utf-8 1.2277ms
2024-01-29 01:28:55.587 -05:00  INF  Request finished HTTP/1.1 GET http://localhost:5114/_vs/browserLink - 200 null text/javascript; charset=UTF-8 8.8542ms
2024-01-29 01:28:55.662 -05:00  INF  Request starting HTTP/1.1 GET http://localhost:5114/swagger/v1/swagger.json - null null
2024-01-29 01:28:55.700 -05:00  INF  Request finished HTTP/1.1 GET http://localhost:5114/swagger/v1/swagger.json - 200 null application/json;charset=utf-8 38.3692ms
2024-01-29 01:29:17.596 -05:00  INF  Request starting HTTP/1.1 POST http://localhost:5114/api/PermissionType - application/json 76
2024-01-29 01:29:17.604 -05:00  INF  Executing endpoint 'N5TLTest.Controllers.PermissionTypeController.CreateEmployee (N5TLTest)'
2024-01-29 01:29:17.620 -05:00  INF  Route matched with {action = "CreateEmployee", controller = "PermissionType"}. Executing controller action with signature System.Threading.Tasks.Task CreateEmployee(N5TLTest.Commands.PermissionType.AddPermissionTypeCommand) on controller N5TLTest.Controllers.PermissionTypeController (N5TLTest).
2024-01-29 01:29:18.420 -05:00  INF  Executed DbCommand (34ms) [Parameters=[@p0='?' (DbType = Guid), @p1='?' (Size = 4000)], CommandType='"Text"', CommandTimeout='30']
SET IMPLICIT_TRANSACTIONS OFF;
SET NOCOUNT ON;
INSERT INTO [PermissionTypes] ([Id], [Description])
VALUES (@p0, @p1);
2024-01-29 01:29:18.428 -05:00  INF  permission type created
2024-01-29 01:29:18.430 -05:00  INF  Executed action N5TLTest.Controllers.PermissionTypeController.CreateEmployee (N5TLTest) in 807.6665ms
2024-01-29 01:29:18.430 -05:00  INF  Executed endpoint 'N5TLTest.Controllers.PermissionTypeController.CreateEmployee (N5TLTest)'
2024-01-29 01:29:18.437 -05:00  INF  Request finished HTTP/1.1 POST http://localhost:5114/api/PermissionType - 200 0 null 840.8173ms
2024-01-29 01:29:33.137 -05:00  INF  Request starting HTTP/1.1 POST http://localhost:5114/api/Permision - application/json 131
2024-01-29 01:29:33.138 -05:00  INF  Executing endpoint 'N5TLTest.Controllers.PermisionController.CreatePermission (N5TLTest)'
2024-01-29 01:29:33.142 -05:00  INF  Route matched with {action = "CreatePermission", controller = "Permision"}. Executing controller action with signature System.Threading.Tasks.Task CreatePermission(N5TLTest.Commands.Permissions.AddPermissionCommand) on controller N5TLTest.Controllers.PermisionController (N5TLTest).
2024-01-29 01:29:33.224 -05:00  INF  Executed DbCommand (16ms) [Parameters=[@p0='?' (DbType = Guid), @p1='?' (Size = 4000), @p2='?' (DbType = Guid)], CommandType='"Text"', CommandTimeout='30']
SET IMPLICIT_TRANSACTIONS OFF;
SET NOCOUNT ON;
INSERT INTO [Permissions] ([Id], [Description], [PermissionTypeId])
VALUES (@p0, @p1, @p2);
2024-01-29 01:29:33.224 -05:00  INF  permission created
2024-01-29 01:29:34.270 -05:00  INF  Produced message to permission-topic partition [0] @ offset 2
2024-01-29 01:29:34.374 -05:00  INF  event emited
2024-01-29 01:29:34.569 -05:00  INF  index created
2024-01-29 01:29:34.570 -05:00  INF  Executed action N5TLTest.Controllers.PermisionController.CreatePermission (N5TLTest) in 1427.9671ms
2024-01-29 01:29:34.571 -05:00  INF  Executed endpoint 'N5TLTest.Controllers.PermisionController.CreatePermission (N5TLTest)'
2024-01-29 01:29:34.571 -05:00  INF  Request finished HTTP/1.1 POST http://localhost:5114/api/Permision - 200 0 null 1434.7305ms
2024-01-29 02:15:32.731 -05:00  INF  Now listening on: http://localhost:5114
2024-01-29 02:15:32.748 -05:00  INF  Application started. Press Ctrl+C to shut down.
2024-01-29 02:15:32.748 -05:00  INF  Hosting environment: Development
2024-01-29 02:15:32.748 -05:00  INF  Content root path: C:\Users\nhkcm\source\repos\N5TLTest\N5TLTest
2024-01-29 02:15:33.226 -05:00  INF  Request starting HTTP/1.1 GET http://localhost:5114/swagger/index.html - null null
2024-01-29 02:15:33.315 -05:00  INF  Request finished HTTP/1.1 GET http://localhost:5114/swagger/index.html - 200 null text/html;charset=utf-8 90.4779ms
2024-01-29 02:15:33.336 -05:00  INF  Request starting HTTP/1.1 GET http://localhost:5114/_framework/aspnetcore-browser-refresh.js - null null
2024-01-29 02:15:33.336 -05:00  INF  Request starting HTTP/1.1 GET http://localhost:5114/_vs/browserLink - null null
2024-01-29 02:15:33.337 -05:00  INF  Request finished HTTP/1.1 GET http://localhost:5114/_framework/aspnetcore-browser-refresh.js - 200 13752 application/javascript; charset=utf-8 1.2053ms
2024-01-29 02:15:33.346 -05:00  INF  Request finished HTTP/1.1 GET http://localhost:5114/_vs/browserLink - 200 null text/javascript; charset=UTF-8 10.3278ms
2024-01-29 02:15:33.417 -05:00  INF  Request starting HTTP/1.1 GET http://localhost:5114/swagger/v1/swagger.json - null null
2024-01-29 02:15:33.461 -05:00  INF  Request finished HTTP/1.1 GET http://localhost:5114/swagger/v1/swagger.json - 200 null application/json;charset=utf-8 43.8186ms
